{"/Users/ebubekirerden/Documents/VSCode/bounswe2026group5/mobile/app/(tabs)/profile.tsx": {"path":"/Users/ebubekirerden/Documents/VSCode/bounswe2026group5/mobile/app/(tabs)/profile.tsx","statementMap":{"0":{"start":{"line":27,"column":26},"end":{"line":42,"column":1}},"1":{"start":{"line":45,"column":38},"end":{"line":45,"column":55}},"2":{"start":{"line":46,"column":17},"end":{"line":46,"column":36}},"3":{"start":{"line":47,"column":17},"end":{"line":47,"column":28}},"4":{"start":{"line":49,"column":50},"end":{"line":49,"column":77}},"5":{"start":{"line":50,"column":44},"end":{"line":52,"column":3}},"6":{"start":{"line":53,"column":44},"end":{"line":53,"column":74}},"7":{"start":{"line":54,"column":52},"end":{"line":56,"column":3}},"8":{"start":{"line":58,"column":34},"end":{"line":61,"column":4}},"9":{"start":{"line":63,"column":50},"end":{"line":65,"column":3}},"10":{"start":{"line":66,"column":62},"end":{"line":66,"column":77}},"11":{"start":{"line":67,"column":60},"end":{"line":67,"column":75}},"12":{"start":{"line":69,"column":4},"end":{"line":69,"column":19}},"13":{"start":{"line":71,"column":52},"end":{"line":76,"column":66}},"14":{"start":{"line":78,"column":48},"end":{"line":90,"column":4}},"15":{"start":{"line":92,"column":24},"end":{"line":105,"column":3}},"16":{"start":{"line":98,"column":4},"end":{"line":104,"column":7}},"17":{"start":{"line":107,"column":26},"end":{"line":113,"column":3}},"18":{"start":{"line":112,"column":4},"end":{"line":112,"column":68}},"19":{"start":{"line":115,"column":2},"end":{"line":253,"column":4}},"20":{"start":{"line":124,"column":27},"end":{"line":124,"column":58}},"21":{"start":{"line":142,"column":24},"end":{"line":142,"column":53}},"22":{"start":{"line":152,"column":16},"end":{"line":157,"column":17}},"23":{"start":{"line":160,"column":16},"end":{"line":160,"column":69}},"24":{"start":{"line":168,"column":16},"end":{"line":173,"column":17}},"25":{"start":{"line":176,"column":16},"end":{"line":176,"column":78}},"26":{"start":{"line":184,"column":28},"end":{"line":184,"column":58}},"27":{"start":{"line":192,"column":30},"end":{"line":192,"column":63}},"28":{"start":{"line":193,"column":48},"end":{"line":193,"column":77}},"29":{"start":{"line":206,"column":10},"end":{"line":206,"column":71}},"30":{"start":{"line":206,"column":42},"end":{"line":206,"column":69}},"31":{"start":{"line":216,"column":10},"end":{"line":216,"column":69}},"32":{"start":{"line":216,"column":40},"end":{"line":216,"column":67}},"33":{"start":{"line":223,"column":23},"end":{"line":223,"column":54}},"34":{"start":{"line":227,"column":23},"end":{"line":227,"column":53}},"35":{"start":{"line":230,"column":10},"end":{"line":230,"column":35}},"36":{"start":{"line":231,"column":10},"end":{"line":231,"column":41}},"37":{"start":{"line":237,"column":23},"end":{"line":237,"column":57}},"38":{"start":{"line":239,"column":10},"end":{"line":239,"column":59}},"39":{"start":{"line":242,"column":10},"end":{"line":242,"column":68}},"40":{"start":{"line":242,"column":55},"end":{"line":242,"column":66}},"41":{"start":{"line":244,"column":33},"end":{"line":244,"column":59}},"42":{"start":{"line":250,"column":23},"end":{"line":250,"column":48}}},"fnMap":{"0":{"name":"ProfileScreen","decl":{"start":{"line":44,"column":24},"end":{"line":44,"column":37}},"loc":{"start":{"line":44,"column":40},"end":{"line":254,"column":1}},"line":44},"1":{"name":"(anonymous_1)","decl":{"start":{"line":89,"column":12},"end":{"line":89,"column":13}},"loc":{"start":{"line":89,"column":18},"end":{"line":89,"column":20}},"line":89},"2":{"name":"(anonymous_2)","decl":{"start":{"line":92,"column":24},"end":{"line":92,"column":25}},"loc":{"start":{"line":97,"column":7},"end":{"line":105,"column":3}},"line":97},"3":{"name":"(anonymous_3)","decl":{"start":{"line":107,"column":26},"end":{"line":107,"column":27}},"loc":{"start":{"line":111,"column":7},"end":{"line":113,"column":3}},"line":111},"4":{"name":"(anonymous_4)","decl":{"start":{"line":124,"column":21},"end":{"line":124,"column":22}},"loc":{"start":{"line":124,"column":27},"end":{"line":124,"column":58}},"line":124},"5":{"name":"(anonymous_5)","decl":{"start":{"line":142,"column":18},"end":{"line":142,"column":19}},"loc":{"start":{"line":142,"column":24},"end":{"line":142,"column":53}},"line":142},"6":{"name":"(anonymous_6)","decl":{"start":{"line":151,"column":22},"end":{"line":151,"column":23}},"loc":{"start":{"line":152,"column":16},"end":{"line":157,"column":17}},"line":152},"7":{"name":"(anonymous_7)","decl":{"start":{"line":159,"column":25},"end":{"line":159,"column":26}},"loc":{"start":{"line":160,"column":16},"end":{"line":160,"column":69}},"line":160},"8":{"name":"(anonymous_8)","decl":{"start":{"line":167,"column":22},"end":{"line":167,"column":23}},"loc":{"start":{"line":168,"column":16},"end":{"line":173,"column":17}},"line":168},"9":{"name":"(anonymous_9)","decl":{"start":{"line":175,"column":25},"end":{"line":175,"column":26}},"loc":{"start":{"line":176,"column":16},"end":{"line":176,"column":78}},"line":176},"10":{"name":"(anonymous_10)","decl":{"start":{"line":184,"column":22},"end":{"line":184,"column":23}},"loc":{"start":{"line":184,"column":28},"end":{"line":184,"column":58}},"line":184},"11":{"name":"(anonymous_11)","decl":{"start":{"line":192,"column":24},"end":{"line":192,"column":25}},"loc":{"start":{"line":192,"column":30},"end":{"line":192,"column":63}},"line":192},"12":{"name":"(anonymous_12)","decl":{"start":{"line":193,"column":34},"end":{"line":193,"column":35}},"loc":{"start":{"line":193,"column":48},"end":{"line":193,"column":77}},"line":193},"13":{"name":"(anonymous_13)","decl":{"start":{"line":205,"column":17},"end":{"line":205,"column":18}},"loc":{"start":{"line":206,"column":10},"end":{"line":206,"column":71}},"line":206},"14":{"name":"(anonymous_14)","decl":{"start":{"line":206,"column":31},"end":{"line":206,"column":32}},"loc":{"start":{"line":206,"column":42},"end":{"line":206,"column":69}},"line":206},"15":{"name":"(anonymous_15)","decl":{"start":{"line":215,"column":17},"end":{"line":215,"column":18}},"loc":{"start":{"line":216,"column":10},"end":{"line":216,"column":69}},"line":216},"16":{"name":"(anonymous_16)","decl":{"start":{"line":216,"column":29},"end":{"line":216,"column":30}},"loc":{"start":{"line":216,"column":40},"end":{"line":216,"column":67}},"line":216},"17":{"name":"(anonymous_17)","decl":{"start":{"line":223,"column":17},"end":{"line":223,"column":18}},"loc":{"start":{"line":223,"column":23},"end":{"line":223,"column":54}},"line":223},"18":{"name":"(anonymous_18)","decl":{"start":{"line":227,"column":17},"end":{"line":227,"column":18}},"loc":{"start":{"line":227,"column":23},"end":{"line":227,"column":53}},"line":227},"19":{"name":"(anonymous_19)","decl":{"start":{"line":229,"column":16},"end":{"line":229,"column":17}},"loc":{"start":{"line":229,"column":33},"end":{"line":232,"column":9}},"line":229},"20":{"name":"(anonymous_20)","decl":{"start":{"line":237,"column":17},"end":{"line":237,"column":18}},"loc":{"start":{"line":237,"column":23},"end":{"line":237,"column":57}},"line":237},"21":{"name":"(anonymous_21)","decl":{"start":{"line":238,"column":15},"end":{"line":238,"column":16}},"loc":{"start":{"line":239,"column":10},"end":{"line":239,"column":59}},"line":239},"22":{"name":"(anonymous_22)","decl":{"start":{"line":241,"column":18},"end":{"line":241,"column":19}},"loc":{"start":{"line":242,"column":10},"end":{"line":242,"column":68}},"line":242},"23":{"name":"(anonymous_23)","decl":{"start":{"line":242,"column":48},"end":{"line":242,"column":49}},"loc":{"start":{"line":242,"column":55},"end":{"line":242,"column":66}},"line":242},"24":{"name":"(anonymous_24)","decl":{"start":{"line":244,"column":19},"end":{"line":244,"column":20}},"loc":{"start":{"line":244,"column":33},"end":{"line":244,"column":59}},"line":244},"25":{"name":"(anonymous_25)","decl":{"start":{"line":250,"column":17},"end":{"line":250,"column":18}},"loc":{"start":{"line":250,"column":23},"end":{"line":250,"column":48}},"line":250}},"branchMap":{"0":{"loc":{"start":{"line":181,"column":11},"end":{"line":186,"column":11}},"type":"binary-expr","locations":[{"start":{"line":181,"column":11},"end":{"line":181,"column":39}},{"start":{"line":182,"column":12},"end":{"line":185,"column":14}}],"line":181},"1":{"loc":{"start":{"line":188,"column":11},"end":{"line":196,"column":11}},"type":"binary-expr","locations":[{"start":{"line":188,"column":11},"end":{"line":188,"column":36}},{"start":{"line":189,"column":12},"end":{"line":195,"column":19}}],"line":188}},"s":{"0":1,"1":1,"2":1,"3":1,"4":1,"5":1,"6":1,"7":1,"8":1,"9":1,"10":1,"11":1,"12":1,"13":1,"14":1,"15":1,"16":0,"17":1,"18":0,"19":1,"20":0,"21":0,"22":0,"23":0,"24":0,"25":0,"26":0,"27":0,"28":0,"29":0,"30":0,"31":0,"32":0,"33":0,"34":0,"35":0,"36":0,"37":0,"38":0,"39":0,"40":0,"41":0,"42":0},"f":{"0":1,"1":0,"2":0,"3":0,"4":0,"5":0,"6":0,"7":0,"8":0,"9":0,"10":0,"11":0,"12":0,"13":0,"14":0,"15":0,"16":0,"17":0,"18":0,"19":0,"20":0,"21":0,"22":0,"23":0,"24":0,"25":0},"b":{"0":[1,1],"1":[1,1]},"_coverageSchema":"1a1c01bbd47fc00a2c39e90264f33305004495a9","hash":"115418c091097b1dcdc662c44c8df540cfe66b57"}
,"/Users/ebubekirerden/Documents/VSCode/bounswe2026group5/mobile/app/(tabs)/schedule.tsx": {"path":"/Users/ebubekirerden/Documents/VSCode/bounswe2026group5/mobile/app/(tabs)/schedule.tsx","statementMap":{"0":{"start":{"line":19,"column":14},"end":{"line":19,"column":52}},"1":{"start":{"line":21,"column":27},"end":{"line":24,"column":1}},"2":{"start":{"line":22,"column":15},"end":{"line":22,"column":35}},"3":{"start":{"line":23,"column":2},"end":{"line":23,"column":94}},"4":{"start":{"line":27,"column":42},"end":{"line":27,"column":57}},"5":{"start":{"line":28,"column":48},"end":{"line":28,"column":74}},"6":{"start":{"line":29,"column":56},"end":{"line":29,"column":82}},"7":{"start":{"line":31,"column":22},"end":{"line":52,"column":20}},"8":{"start":{"line":32,"column":23},"end":{"line":32,"column":25}},"9":{"start":{"line":33,"column":4},"end":{"line":41,"column":7}},"10":{"start":{"line":34,"column":6},"end":{"line":36,"column":7}},"11":{"start":{"line":35,"column":8},"end":{"line":35,"column":46}},"12":{"start":{"line":37,"column":23},"end":{"line":39,"column":32}},"13":{"start":{"line":40,"column":6},"end":{"line":40,"column":77}},"14":{"start":{"line":43,"column":4},"end":{"line":43,"column":65}},"15":{"start":{"line":43,"column":30},"end":{"line":43,"column":65}},"16":{"start":{"line":45,"column":4},"end":{"line":49,"column":6}},"17":{"start":{"line":51,"column":4},"end":{"line":51,"column":17}},"18":{"start":{"line":54,"column":27},"end":{"line":54,"column":92}},"19":{"start":{"line":54,"column":59},"end":{"line":54,"column":91}},"20":{"start":{"line":56,"column":2},"end":{"line":146,"column":4}},"21":{"start":{"line":69,"column":43},"end":{"line":69,"column":74}},"22":{"start":{"line":96,"column":14},"end":{"line":114,"column":16}},"23":{"start":{"line":102,"column":31},"end":{"line":113,"column":18}},"24":{"start":{"line":124,"column":23},"end":{"line":124,"column":47}},"25":{"start":{"line":126,"column":28},"end":{"line":126,"column":67}},"26":{"start":{"line":132,"column":23},"end":{"line":132,"column":51}}},"fnMap":{"0":{"name":"(anonymous_0)","decl":{"start":{"line":21,"column":27},"end":{"line":21,"column":28}},"loc":{"start":{"line":21,"column":51},"end":{"line":24,"column":1}},"line":21},"1":{"name":"ScheduleScreen","decl":{"start":{"line":26,"column":24},"end":{"line":26,"column":38}},"loc":{"start":{"line":26,"column":41},"end":{"line":147,"column":1}},"line":26},"2":{"name":"(anonymous_2)","decl":{"start":{"line":31,"column":30},"end":{"line":31,"column":31}},"loc":{"start":{"line":31,"column":36},"end":{"line":52,"column":3}},"line":31},"3":{"name":"(anonymous_3)","decl":{"start":{"line":33,"column":26},"end":{"line":33,"column":27}},"loc":{"start":{"line":33,"column":37},"end":{"line":41,"column":5}},"line":33},"4":{"name":"(anonymous_4)","decl":{"start":{"line":54,"column":48},"end":{"line":54,"column":49}},"loc":{"start":{"line":54,"column":59},"end":{"line":54,"column":91}},"line":54},"5":{"name":"(anonymous_5)","decl":{"start":{"line":69,"column":24},"end":{"line":69,"column":25}},"loc":{"start":{"line":69,"column":43},"end":{"line":69,"column":74}},"line":69},"6":{"name":"(anonymous_6)","decl":{"start":{"line":95,"column":33},"end":{"line":95,"column":34}},"loc":{"start":{"line":96,"column":14},"end":{"line":114,"column":16}},"line":96},"7":{"name":"(anonymous_7)","decl":{"start":{"line":102,"column":25},"end":{"line":102,"column":26}},"loc":{"start":{"line":102,"column":31},"end":{"line":113,"column":18}},"line":102},"8":{"name":"(anonymous_8)","decl":{"start":{"line":124,"column":17},"end":{"line":124,"column":18}},"loc":{"start":{"line":124,"column":23},"end":{"line":124,"column":47}},"line":124},"9":{"name":"(anonymous_9)","decl":{"start":{"line":126,"column":22},"end":{"line":126,"column":23}},"loc":{"start":{"line":126,"column":28},"end":{"line":126,"column":67}},"line":126},"10":{"name":"(anonymous_10)","decl":{"start":{"line":132,"column":17},"end":{"line":132,"column":18}},"loc":{"start":{"line":132,"column":23},"end":{"line":132,"column":51}},"line":132}},"branchMap":{"0":{"loc":{"start":{"line":34,"column":6},"end":{"line":36,"column":7}},"type":"if","locations":[{"start":{"line":34,"column":6},"end":{"line":36,"column":7}},{"start":{},"end":{}}],"line":34},"1":{"loc":{"start":{"line":37,"column":23},"end":{"line":39,"column":32}},"type":"cond-expr","locations":[{"start":{"line":37,"column":55},"end":{"line":37,"column":64}},{"start":{"line":38,"column":23},"end":{"line":39,"column":32}}],"line":37},"2":{"loc":{"start":{"line":38,"column":23},"end":{"line":39,"column":32}},"type":"cond-expr","locations":[{"start":{"line":38,"column":54},"end":{"line":38,"column":63}},{"start":{"line":39,"column":23},"end":{"line":39,"column":32}}],"line":38},"3":{"loc":{"start":{"line":43,"column":4},"end":{"line":43,"column":65}},"type":"if","locations":[{"start":{"line":43,"column":4},"end":{"line":43,"column":65}},{"start":{},"end":{}}],"line":43},"4":{"loc":{"start":{"line":90,"column":11},"end":{"line":116,"column":11}},"type":"cond-expr","locations":[{"start":{"line":91,"column":12},"end":{"line":93,"column":19}},{"start":{"line":95,"column":12},"end":{"line":115,"column":14}}],"line":90},"5":{"loc":{"start":{"line":134,"column":25},"end":{"line":134,"column":128}},"type":"cond-expr","locations":[{"start":{"line":134,"column":47},"end":{"line":134,"column":116}},{"start":{"line":134,"column":119},"end":{"line":134,"column":128}}],"line":134},"6":{"loc":{"start":{"line":135,"column":18},"end":{"line":142,"column":16}},"type":"cond-expr","locations":[{"start":{"line":135,"column":40},"end":{"line":142,"column":9}},{"start":{"line":142,"column":12},"end":{"line":142,"column":16}}],"line":135}},"s":{"0":1,"1":1,"2":1,"3":1,"4":1,"5":1,"6":1,"7":1,"8":1,"9":1,"10":4,"11":4,"12":4,"13":4,"14":1,"15":1,"16":1,"17":1,"18":1,"19":4,"20":1,"21":0,"22":0,"23":0,"24":0,"25":0,"26":0},"f":{"0":1,"1":1,"2":1,"3":4,"4":4,"5":0,"6":0,"7":0,"8":0,"9":0,"10":0},"b":{"0":[4,0],"1":[2,2],"2":[1,1],"3":[1,0],"4":[1,0],"5":[0,1],"6":[0,1]},"_coverageSchema":"1a1c01bbd47fc00a2c39e90264f33305004495a9","hash":"004d7e5fd3721fa5d6b87bf0065cfe57a1ca3f15"}
,"/Users/ebubekirerden/Documents/VSCode/bounswe2026group5/mobile/components/dashboard/RequestCard.tsx": {"path":"/Users/ebubekirerden/Documents/VSCode/bounswe2026group5/mobile/components/dashboard/RequestCard.tsx","statementMap":{"0":{"start":{"line":13,"column":21},"end":{"line":13,"column":40}},"1":{"start":{"line":16,"column":17},"end":{"line":16,"column":49}},"2":{"start":{"line":17,"column":21},"end":{"line":17,"column":101}},"3":{"start":{"line":19,"column":2},"end":{"line":93,"column":4}},"4":{"start":{"line":69,"column":32},"end":{"line":69,"column":52}},"5":{"start":{"line":69,"column":53},"end":{"line":69,"column":103}},"6":{"start":{"line":78,"column":32},"end":{"line":78,"column":52}},"7":{"start":{"line":78,"column":53},"end":{"line":78,"column":102}}},"fnMap":{"0":{"name":"RequestCard","decl":{"start":{"line":12,"column":16},"end":{"line":12,"column":27}},"loc":{"start":{"line":12,"column":92},"end":{"line":94,"column":1}},"line":12},"1":{"name":"(anonymous_1)","decl":{"start":{"line":69,"column":23},"end":{"line":69,"column":24}},"loc":{"start":{"line":69,"column":30},"end":{"line":69,"column":105}},"line":69},"2":{"name":"(anonymous_2)","decl":{"start":{"line":78,"column":23},"end":{"line":78,"column":24}},"loc":{"start":{"line":78,"column":30},"end":{"line":78,"column":104}},"line":78}},"branchMap":{"0":{"loc":{"start":{"line":16,"column":17},"end":{"line":16,"column":49}},"type":"cond-expr","locations":[{"start":{"line":16,"column":30},"end":{"line":16,"column":38}},{"start":{"line":16,"column":41},"end":{"line":16,"column":49}}],"line":16},"1":{"loc":{"start":{"line":17,"column":21},"end":{"line":17,"column":101}},"type":"cond-expr","locations":[{"start":{"line":17,"column":34},"end":{"line":17,"column":65}},{"start":{"line":17,"column":68},"end":{"line":17,"column":101}}],"line":17},"2":{"loc":{"start":{"line":24,"column":57},"end":{"line":24,"column":134}},"type":"cond-expr","locations":[{"start":{"line":24,"column":72},"end":{"line":24,"column":105}},{"start":{"line":24,"column":108},"end":{"line":24,"column":134}}],"line":24},"3":{"loc":{"start":{"line":32,"column":11},"end":{"line":36,"column":11}},"type":"binary-expr","locations":[{"start":{"line":32,"column":11},"end":{"line":32,"column":23}},{"start":{"line":33,"column":12},"end":{"line":35,"column":19}}],"line":32},"4":{"loc":{"start":{"line":48,"column":9},"end":{"line":58,"column":9}},"type":"cond-expr","locations":[{"start":{"line":49,"column":10},"end":{"line":51,"column":17}},{"start":{"line":53,"column":10},"end":{"line":57,"column":17}}],"line":48},"5":{"loc":{"start":{"line":54,"column":13},"end":{"line":56,"column":55}},"type":"cond-expr","locations":[{"start":{"line":55,"column":16},"end":{"line":55,"column":55}},{"start":{"line":56,"column":16},"end":{"line":56,"column":55}}],"line":54},"6":{"loc":{"start":{"line":64,"column":9},"end":{"line":89,"column":9}},"type":"cond-expr","locations":[{"start":{"line":65,"column":10},"end":{"line":84,"column":17}},{"start":{"line":86,"column":10},"end":{"line":88,"column":17}}],"line":64},"7":{"loc":{"start":{"line":80,"column":49},"end":{"line":80,"column":94}},"type":"cond-expr","locations":[{"start":{"line":80,"column":64},"end":{"line":80,"column":78}},{"start":{"line":80,"column":81},"end":{"line":80,"column":94}}],"line":80}},"s":{"0":2,"1":2,"2":2,"3":2,"4":0,"5":0,"6":0,"7":0},"f":{"0":2,"1":0,"2":0},"b":{"0":[2,0],"1":[2,0],"2":[1,1],"3":[2,1],"4":[1,1],"5":[1,0],"6":[2,0],"7":[1,1]},"_coverageSchema":"1a1c01bbd47fc00a2c39e90264f33305004495a9","hash":"d9b5abb2c9035d27751306042040d1fe0e3fc64b"}
,"/Users/ebubekirerden/Documents/VSCode/bounswe2026group5/mobile/components/dashboard/SessionCard.tsx": {"path":"/Users/ebubekirerden/Documents/VSCode/bounswe2026group5/mobile/components/dashboard/SessionCard.tsx","statementMap":{"0":{"start":{"line":14,"column":26},"end":{"line":21,"column":3}},"1":{"start":{"line":15,"column":4},"end":{"line":20,"column":5}},"2":{"start":{"line":16,"column":23},"end":{"line":16,"column":77}},"3":{"start":{"line":17,"column":22},"end":{"line":17,"column":76}},"4":{"start":{"line":18,"column":24},"end":{"line":18,"column":76}},"5":{"start":{"line":19,"column":15},"end":{"line":19,"column":67}},"6":{"start":{"line":23,"column":23},"end":{"line":23,"column":40}},"7":{"start":{"line":26,"column":38},"end":{"line":26,"column":53}},"8":{"start":{"line":29,"column":2},"end":{"line":57,"column":4}}},"fnMap":{"0":{"name":"SessionCard","decl":{"start":{"line":11,"column":16},"end":{"line":11,"column":27}},"loc":{"start":{"line":11,"column":85},"end":{"line":58,"column":1}},"line":11},"1":{"name":"(anonymous_1)","decl":{"start":{"line":14,"column":26},"end":{"line":14,"column":27}},"loc":{"start":{"line":14,"column":32},"end":{"line":21,"column":3}},"line":14}},"branchMap":{"0":{"loc":{"start":{"line":15,"column":4},"end":{"line":20,"column":5}},"type":"switch","locations":[{"start":{"line":16,"column":6},"end":{"line":16,"column":77}},{"start":{"line":17,"column":6},"end":{"line":17,"column":76}},{"start":{"line":18,"column":6},"end":{"line":18,"column":76}},{"start":{"line":19,"column":6},"end":{"line":19,"column":67}}],"line":15},"1":{"loc":{"start":{"line":26,"column":9},"end":{"line":26,"column":22}},"type":"default-arg","locations":[{"start":{"line":26,"column":17},"end":{"line":26,"column":22}}],"line":26},"2":{"loc":{"start":{"line":26,"column":24},"end":{"line":26,"column":34}},"type":"default-arg","locations":[{"start":{"line":26,"column":30},"end":{"line":26,"column":34}}],"line":26}},"s":{"0":1,"1":1,"2":1,"3":0,"4":0,"5":0,"6":1,"7":1,"8":1},"f":{"0":1,"1":1},"b":{"0":[1,0,0,0],"1":[0],"2":[0]},"_coverageSchema":"1a1c01bbd47fc00a2c39e90264f33305004495a9","hash":"9f39971fac1bfed0eaac3ea7ec97e60f89892e2e"}
,"/Users/ebubekirerden/Documents/VSCode/bounswe2026group5/mobile/components/dashboard/SessionDetailsModal.tsx": {"path":"/Users/ebubekirerden/Documents/VSCode/bounswe2026group5/mobile/components/dashboard/SessionDetailsModal.tsx","statementMap":{"0":{"start":{"line":21,"column":2},"end":{"line":21,"column":28}},"1":{"start":{"line":21,"column":16},"end":{"line":21,"column":28}},"2":{"start":{"line":23,"column":2},"end":{"line":145,"column":4}},"3":{"start":{"line":35,"column":26},"end":{"line":35,"column":45}},"4":{"start":{"line":91,"column":29},"end":{"line":91,"column":83}},"5":{"start":{"line":98,"column":29},"end":{"line":98,"column":81}},"6":{"start":{"line":109,"column":16},"end":{"line":109,"column":26}},"7":{"start":{"line":110,"column":16},"end":{"line":112,"column":17}},"8":{"start":{"line":111,"column":18},"end":{"line":111,"column":56}},"9":{"start":{"line":111,"column":35},"end":{"line":111,"column":49}},"10":{"start":{"line":121,"column":16},"end":{"line":135,"column":18}},"11":{"start":{"line":130,"column":24},"end":{"line":130,"column":82}},"12":{"start":{"line":131,"column":24},"end":{"line":131,"column":34}}},"fnMap":{"0":{"name":"SessionDetailsModal","decl":{"start":{"line":20,"column":16},"end":{"line":20,"column":35}},"loc":{"start":{"line":20,"column":107},"end":{"line":146,"column":1}},"line":20},"1":{"name":"(anonymous_1)","decl":{"start":{"line":35,"column":19},"end":{"line":35,"column":20}},"loc":{"start":{"line":35,"column":26},"end":{"line":35,"column":45}},"line":35},"2":{"name":"(anonymous_2)","decl":{"start":{"line":91,"column":23},"end":{"line":91,"column":24}},"loc":{"start":{"line":91,"column":29},"end":{"line":91,"column":83}},"line":91},"3":{"name":"(anonymous_3)","decl":{"start":{"line":98,"column":23},"end":{"line":98,"column":24}},"loc":{"start":{"line":98,"column":29},"end":{"line":98,"column":81}},"line":98},"4":{"name":"(anonymous_4)","decl":{"start":{"line":108,"column":23},"end":{"line":108,"column":24}},"loc":{"start":{"line":108,"column":29},"end":{"line":113,"column":15}},"line":108},"5":{"name":"(anonymous_5)","decl":{"start":{"line":111,"column":29},"end":{"line":111,"column":30}},"loc":{"start":{"line":111,"column":35},"end":{"line":111,"column":49}},"line":111},"6":{"name":"(anonymous_6)","decl":{"start":{"line":120,"column":23},"end":{"line":120,"column":24}},"loc":{"start":{"line":120,"column":29},"end":{"line":136,"column":15}},"line":120},"7":{"name":"(anonymous_7)","decl":{"start":{"line":129,"column":31},"end":{"line":129,"column":32}},"loc":{"start":{"line":129,"column":37},"end":{"line":132,"column":23}},"line":129}},"branchMap":{"0":{"loc":{"start":{"line":21,"column":2},"end":{"line":21,"column":28}},"type":"if","locations":[{"start":{"line":21,"column":2},"end":{"line":21,"column":28}},{"start":{},"end":{}}],"line":21},"1":{"loc":{"start":{"line":46,"column":15},"end":{"line":46,"column":52}},"type":"binary-expr","locations":[{"start":{"line":46,"column":15},"end":{"line":46,"column":28}},{"start":{"line":46,"column":32},"end":{"line":46,"column":52}}],"line":46},"2":{"loc":{"start":{"line":48,"column":55},"end":{"line":48,"column":119}},"type":"cond-expr","locations":[{"start":{"line":48,"column":85},"end":{"line":48,"column":100}},{"start":{"line":48,"column":103},"end":{"line":48,"column":119}}],"line":48},"3":{"loc":{"start":{"line":49,"column":77},"end":{"line":49,"column":145}},"type":"cond-expr","locations":[{"start":{"line":49,"column":107},"end":{"line":49,"column":124}},{"start":{"line":49,"column":127},"end":{"line":49,"column":145}}],"line":49},"4":{"loc":{"start":{"line":70,"column":59},"end":{"line":70,"column":101}},"type":"cond-expr","locations":[{"start":{"line":70,"column":78},"end":{"line":70,"column":88}},{"start":{"line":70,"column":91},"end":{"line":70,"column":101}}],"line":70},"5":{"loc":{"start":{"line":72,"column":17},"end":{"line":72,"column":49}},"type":"binary-expr","locations":[{"start":{"line":72,"column":17},"end":{"line":72,"column":33}},{"start":{"line":72,"column":37},"end":{"line":72,"column":49}}],"line":72},"6":{"loc":{"start":{"line":79,"column":16},"end":{"line":80,"column":81}},"type":"cond-expr","locations":[{"start":{"line":79,"column":48},"end":{"line":79,"column":64}},{"start":{"line":80,"column":16},"end":{"line":80,"column":81}}],"line":79},"7":{"loc":{"start":{"line":80,"column":16},"end":{"line":80,"column":81}},"type":"cond-expr","locations":[{"start":{"line":80,"column":47},"end":{"line":80,"column":63}},{"start":{"line":80,"column":66},"end":{"line":80,"column":81}}],"line":80},"8":{"loc":{"start":{"line":88,"column":11},"end":{"line":102,"column":18}},"type":"cond-expr","locations":[{"start":{"line":89,"column":12},"end":{"line":94,"column":31}},{"start":{"line":95,"column":14},"end":{"line":102,"column":18}}],"line":88},"9":{"loc":{"start":{"line":95,"column":14},"end":{"line":102,"column":18}},"type":"cond-expr","locations":[{"start":{"line":96,"column":12},"end":{"line":101,"column":31}},{"start":{"line":102,"column":14},"end":{"line":102,"column":18}}],"line":95},"10":{"loc":{"start":{"line":110,"column":16},"end":{"line":112,"column":17}},"type":"if","locations":[{"start":{"line":110,"column":16},"end":{"line":112,"column":17}},{"start":{},"end":{}}],"line":110}},"s":{"0":4,"1":1,"2":3,"3":0,"4":0,"5":0,"6":1,"7":1,"8":1,"9":1,"10":0,"11":0,"12":0},"f":{"0":4,"1":0,"2":0,"3":0,"4":1,"5":1,"6":0,"7":0},"b":{"0":[1,3],"1":[3,0],"2":[0,3],"3":[0,3],"4":[3,0],"5":[3,0],"6":[3,0],"7":[0,0],"8":[3,0],"9":[0,0],"10":[1,0]},"_coverageSchema":"1a1c01bbd47fc00a2c39e90264f33305004495a9","hash":"29e0e28d9b96a4ae15426d8c35c6372937f7dd9e"}
,"/Users/ebubekirerden/Documents/VSCode/bounswe2026group5/mobile/components/profile/AvailabilityPreview.tsx": {"path":"/Users/ebubekirerden/Documents/VSCode/bounswe2026group5/mobile/components/profile/AvailabilityPreview.tsx","statementMap":{"0":{"start":{"line":15,"column":18},"end":{"line":15,"column":96}},"1":{"start":{"line":18,"column":40},"end":{"line":18,"column":69}},"2":{"start":{"line":20,"column":23},"end":{"line":20,"column":99}},"3":{"start":{"line":20,"column":58},"end":{"line":20,"column":79}},"4":{"start":{"line":22,"column":25},"end":{"line":24,"column":3}},"5":{"start":{"line":23,"column":4},"end":{"line":23,"column":56}},"6":{"start":{"line":23,"column":28},"end":{"line":23,"column":53}},"7":{"start":{"line":26,"column":2},"end":{"line":105,"column":4}},"8":{"start":{"line":48,"column":31},"end":{"line":48,"column":50}},"9":{"start":{"line":49,"column":29},"end":{"line":49,"column":87}},"10":{"start":{"line":49,"column":49},"end":{"line":49,"column":86}},"11":{"start":{"line":51,"column":12},"end":{"line":76,"column":14}},"12":{"start":{"line":54,"column":31},"end":{"line":54,"column":50}},"13":{"start":{"line":92,"column":16},"end":{"line":97,"column":23}}},"fnMap":{"0":{"name":"AvailabilityPreview","decl":{"start":{"line":17,"column":16},"end":{"line":17,"column":35}},"loc":{"start":{"line":17,"column":89},"end":{"line":106,"column":1}},"line":17},"1":{"name":"(anonymous_1)","decl":{"start":{"line":20,"column":53},"end":{"line":20,"column":54}},"loc":{"start":{"line":20,"column":58},"end":{"line":20,"column":79}},"line":20},"2":{"name":"(anonymous_2)","decl":{"start":{"line":22,"column":25},"end":{"line":22,"column":26}},"loc":{"start":{"line":22,"column":42},"end":{"line":24,"column":3}},"line":22},"3":{"name":"(anonymous_3)","decl":{"start":{"line":23,"column":19},"end":{"line":23,"column":20}},"loc":{"start":{"line":23,"column":28},"end":{"line":23,"column":53}},"line":23},"4":{"name":"(anonymous_4)","decl":{"start":{"line":47,"column":25},"end":{"line":47,"column":26}},"loc":{"start":{"line":47,"column":41},"end":{"line":77,"column":11}},"line":47},"5":{"name":"(anonymous_5)","decl":{"start":{"line":49,"column":44},"end":{"line":49,"column":45}},"loc":{"start":{"line":49,"column":49},"end":{"line":49,"column":86}},"line":49},"6":{"name":"(anonymous_6)","decl":{"start":{"line":54,"column":25},"end":{"line":54,"column":26}},"loc":{"start":{"line":54,"column":31},"end":{"line":54,"column":50}},"line":54},"7":{"name":"(anonymous_7)","decl":{"start":{"line":91,"column":32},"end":{"line":91,"column":33}},"loc":{"start":{"line":92,"column":16},"end":{"line":97,"column":23}},"line":92}},"branchMap":{"0":{"loc":{"start":{"line":17,"column":38},"end":{"line":17,"column":51}},"type":"default-arg","locations":[{"start":{"line":17,"column":49},"end":{"line":17,"column":51}}],"line":17},"1":{"loc":{"start":{"line":20,"column":23},"end":{"line":20,"column":99}},"type":"cond-expr","locations":[{"start":{"line":20,"column":38},"end":{"line":20,"column":93}},{"start":{"line":20,"column":97},"end":{"line":20,"column":99}}],"line":20},"2":{"loc":{"start":{"line":20,"column":38},"end":{"line":20,"column":93}},"type":"binary-expr","locations":[{"start":{"line":20,"column":38},"end":{"line":20,"column":87}},{"start":{"line":20,"column":91},"end":{"line":20,"column":93}}],"line":20},"3":{"loc":{"start":{"line":23,"column":28},"end":{"line":23,"column":53}},"type":"cond-expr","locations":[{"start":{"line":23,"column":43},"end":{"line":23,"column":47}},{"start":{"line":23,"column":50},"end":{"line":23,"column":53}}],"line":23},"4":{"loc":{"start":{"line":49,"column":49},"end":{"line":49,"column":86}},"type":"binary-expr","locations":[{"start":{"line":49,"column":49},"end":{"line":49,"column":62}},{"start":{"line":49,"column":66},"end":{"line":49,"column":86}}],"line":49},"5":{"loc":{"start":{"line":57,"column":18},"end":{"line":57,"column":59}},"type":"cond-expr","locations":[{"start":{"line":57,"column":31},"end":{"line":57,"column":44}},{"start":{"line":57,"column":47},"end":{"line":57,"column":59}}],"line":57},"6":{"loc":{"start":{"line":61,"column":18},"end":{"line":61,"column":64}},"type":"cond-expr","locations":[{"start":{"line":61,"column":31},"end":{"line":61,"column":46}},{"start":{"line":61,"column":49},"end":{"line":61,"column":64}}],"line":61},"7":{"loc":{"start":{"line":67,"column":18},"end":{"line":67,"column":61}},"type":"cond-expr","locations":[{"start":{"line":67,"column":31},"end":{"line":67,"column":43}},{"start":{"line":67,"column":46},"end":{"line":67,"column":61}}],"line":67},"8":{"loc":{"start":{"line":73,"column":18},"end":{"line":73,"column":89}},"type":"cond-expr","locations":[{"start":{"line":73,"column":30},"end":{"line":73,"column":69}},{"start":{"line":73,"column":73},"end":{"line":73,"column":89}}],"line":73},"9":{"loc":{"start":{"line":73,"column":30},"end":{"line":73,"column":69}},"type":"cond-expr","locations":[{"start":{"line":73,"column":43},"end":{"line":73,"column":53}},{"start":{"line":73,"column":56},"end":{"line":73,"column":69}}],"line":73},"10":{"loc":{"start":{"line":82,"column":7},"end":{"line":102,"column":7}},"type":"binary-expr","locations":[{"start":{"line":82,"column":7},"end":{"line":82,"column":27}},{"start":{"line":83,"column":8},"end":{"line":101,"column":15}}],"line":82},"11":{"loc":{"start":{"line":84,"column":11},"end":{"line":100,"column":11}},"type":"cond-expr","locations":[{"start":{"line":85,"column":12},"end":{"line":88,"column":19}},{"start":{"line":90,"column":12},"end":{"line":99,"column":19}}],"line":84}},"s":{"0":1,"1":1,"2":1,"3":0,"4":1,"5":0,"6":0,"7":1,"8":7,"9":7,"10":13,"11":7,"12":0,"13":0},"f":{"0":1,"1":0,"2":0,"3":0,"4":7,"5":13,"6":0,"7":0},"b":{"0":[0],"1":[0,1],"2":[0,0],"3":[0,0],"4":[13,2],"5":[0,7],"6":[0,7],"7":[0,7],"8":[2,5],"9":[0,2],"10":[1,0],"11":[0,0]},"_coverageSchema":"1a1c01bbd47fc00a2c39e90264f33305004495a9","hash":"073e1e40a9a4e927391b87ba92f057961fd3ab4b"}
,"/Users/ebubekirerden/Documents/VSCode/bounswe2026group5/mobile/components/profile/BookingModal.tsx": {"path":"/Users/ebubekirerden/Documents/VSCode/bounswe2026group5/mobile/components/profile/BookingModal.tsx","statementMap":{"0":{"start":{"line":18,"column":32},"end":{"line":18,"column":35}},"1":{"start":{"line":21,"column":17},"end":{"line":21,"column":36}},"2":{"start":{"line":23,"column":26},"end":{"line":23,"column":44}},"3":{"start":{"line":24,"column":36},"end":{"line":24,"column":51}},"4":{"start":{"line":26,"column":48},"end":{"line":26,"column":121}},"5":{"start":{"line":27,"column":42},"end":{"line":27,"column":71}},"6":{"start":{"line":28,"column":40},"end":{"line":28,"column":52}},"7":{"start":{"line":30,"column":42},"end":{"line":30,"column":57}},"8":{"start":{"line":31,"column":48},"end":{"line":31,"column":65}},"9":{"start":{"line":32,"column":44},"end":{"line":32,"column":61}},"10":{"start":{"line":34,"column":2},"end":{"line":45,"column":16}},"11":{"start":{"line":35,"column":4},"end":{"line":44,"column":5}},"12":{"start":{"line":36,"column":6},"end":{"line":36,"column":17}},"13":{"start":{"line":37,"column":6},"end":{"line":37,"column":31}},"14":{"start":{"line":38,"column":6},"end":{"line":38,"column":28}},"15":{"start":{"line":39,"column":6},"end":{"line":39,"column":29}},"16":{"start":{"line":40,"column":6},"end":{"line":40,"column":34}},"17":{"start":{"line":41,"column":6},"end":{"line":41,"column":32}},"18":{"start":{"line":42,"column":6},"end":{"line":42,"column":25}},"19":{"start":{"line":43,"column":6},"end":{"line":43,"column":26}},"20":{"start":{"line":47,"column":33},"end":{"line":63,"column":3}},"21":{"start":{"line":49,"column":30},"end":{"line":49,"column":96}},"22":{"start":{"line":51,"column":4},"end":{"line":62,"column":5}},"23":{"start":{"line":52,"column":6},"end":{"line":59,"column":8}},"24":{"start":{"line":61,"column":6},"end":{"line":61,"column":16}},"25":{"start":{"line":66,"column":26},"end":{"line":73,"column":3}},"26":{"start":{"line":67,"column":20},"end":{"line":67,"column":47}},"27":{"start":{"line":68,"column":20},"end":{"line":68,"column":27}},"28":{"start":{"line":69,"column":4},"end":{"line":71,"column":5}},"29":{"start":{"line":70,"column":6},"end":{"line":70,"column":66}},"30":{"start":{"line":72,"column":4},"end":{"line":72,"column":23}},"31":{"start":{"line":76,"column":25},"end":{"line":96,"column":20}},"32":{"start":{"line":77,"column":18},"end":{"line":77,"column":20}},"33":{"start":{"line":78,"column":18},"end":{"line":78,"column":28}},"34":{"start":{"line":81,"column":4},"end":{"line":90,"column":5}},"35":{"start":{"line":81,"column":17},"end":{"line":81,"column":18}},"36":{"start":{"line":82,"column":23},"end":{"line":82,"column":38}},"37":{"start":{"line":83,"column":6},"end":{"line":83,"column":44}},"38":{"start":{"line":85,"column":6},"end":{"line":89,"column":9}},"39":{"start":{"line":93,"column":4},"end":{"line":95,"column":6}},"40":{"start":{"line":94,"column":6},"end":{"line":94,"column":73}},"41":{"start":{"line":94,"column":29},"end":{"line":94,"column":72}},"42":{"start":{"line":98,"column":23},"end":{"line":116,"column":37}},"43":{"start":{"line":99,"column":4},"end":{"line":99,"column":36}},"44":{"start":{"line":99,"column":26},"end":{"line":99,"column":36}},"45":{"start":{"line":100,"column":24},"end":{"line":100,"column":83}},"46":{"start":{"line":100,"column":47},"end":{"line":100,"column":82}},"47":{"start":{"line":101,"column":4},"end":{"line":101,"column":32}},"48":{"start":{"line":101,"column":22},"end":{"line":101,"column":32}},"49":{"start":{"line":103,"column":37},"end":{"line":103,"column":39}},"50":{"start":{"line":104,"column":4},"end":{"line":114,"column":7}},"51":{"start":{"line":105,"column":27},"end":{"line":105,"column":45}},"52":{"start":{"line":106,"column":24},"end":{"line":106,"column":53}},"53":{"start":{"line":107,"column":22},"end":{"line":107,"column":49}},"54":{"start":{"line":109,"column":6},"end":{"line":113,"column":7}},"55":{"start":{"line":109,"column":19},"end":{"line":109,"column":28}},"56":{"start":{"line":110,"column":32},"end":{"line":110,"column":69}},"57":{"start":{"line":111,"column":30},"end":{"line":111,"column":71}},"58":{"start":{"line":112,"column":9},"end":{"line":112,"column":68}},"59":{"start":{"line":115,"column":4},"end":{"line":115,"column":26}},"60":{"start":{"line":118,"column":2},"end":{"line":118,"column":29}},"61":{"start":{"line":118,"column":17},"end":{"line":118,"column":29}},"62":{"start":{"line":120,"column":33},"end":{"line":156,"column":3}},"63":{"start":{"line":121,"column":4},"end":{"line":124,"column":5}},"64":{"start":{"line":122,"column":6},"end":{"line":122,"column":75}},"65":{"start":{"line":123,"column":6},"end":{"line":123,"column":13}},"66":{"start":{"line":125,"column":4},"end":{"line":128,"column":5}},"67":{"start":{"line":126,"column":6},"end":{"line":126,"column":95}},"68":{"start":{"line":127,"column":6},"end":{"line":127,"column":13}},"69":{"start":{"line":129,"column":4},"end":{"line":143,"column":5}},"70":{"start":{"line":130,"column":26},"end":{"line":130,"column":84}},"71":{"start":{"line":130,"column":44},"end":{"line":130,"column":84}},"72":{"start":{"line":131,"column":6},"end":{"line":134,"column":7}},"73":{"start":{"line":132,"column":8},"end":{"line":132,"column":97}},"74":{"start":{"line":133,"column":8},"end":{"line":133,"column":15}},"75":{"start":{"line":135,"column":28},"end":{"line":138,"column":7}},"76":{"start":{"line":136,"column":33},"end":{"line":136,"column":60}},"77":{"start":{"line":137,"column":8},"end":{"line":137,"column":38}},"78":{"start":{"line":139,"column":6},"end":{"line":142,"column":7}},"79":{"start":{"line":140,"column":8},"end":{"line":140,"column":98}},"80":{"start":{"line":141,"column":8},"end":{"line":141,"column":15}},"81":{"start":{"line":144,"column":4},"end":{"line":154,"column":5}},"82":{"start":{"line":145,"column":27},"end":{"line":145,"column":96}},"83":{"start":{"line":147,"column":6},"end":{"line":153,"column":7}},"84":{"start":{"line":148,"column":8},"end":{"line":151,"column":10}},"85":{"start":{"line":152,"column":8},"end":{"line":152,"column":15}},"86":{"start":{"line":155,"column":4},"end":{"line":155,"column":15}},"87":{"start":{"line":158,"column":30},"end":{"line":174,"column":3}},"88":{"start":{"line":159,"column":4},"end":{"line":162,"column":5}},"89":{"start":{"line":160,"column":6},"end":{"line":160,"column":112}},"90":{"start":{"line":161,"column":6},"end":{"line":161,"column":13}},"91":{"start":{"line":163,"column":4},"end":{"line":163,"column":23}},"92":{"start":{"line":164,"column":22},"end":{"line":164,"column":91}},"93":{"start":{"line":166,"column":4},"end":{"line":173,"column":13}},"94":{"start":{"line":167,"column":6},"end":{"line":167,"column":26}},"95":{"start":{"line":168,"column":6},"end":{"line":172,"column":8}},"96":{"start":{"line":176,"column":2},"end":{"line":378,"column":4}},"97":{"start":{"line":183,"column":27},"end":{"line":183,"column":77}},"98":{"start":{"line":224,"column":41},"end":{"line":224,"column":79}},"99":{"start":{"line":225,"column":22},"end":{"line":242,"column":24}},"100":{"start":{"line":230,"column":28},"end":{"line":230,"column":56}},"101":{"start":{"line":231,"column":28},"end":{"line":231,"column":50}},"102":{"start":{"line":256,"column":45},"end":{"line":256,"column":83}},"103":{"start":{"line":257,"column":26},"end":{"line":271,"column":28}},"104":{"start":{"line":262,"column":32},"end":{"line":262,"column":54}},"105":{"start":{"line":263,"column":32},"end":{"line":263,"column":55}},"106":{"start":{"line":285,"column":24},"end":{"line":285,"column":46}},"107":{"start":{"line":286,"column":24},"end":{"line":286,"column":46}},"108":{"start":{"line":301,"column":51},"end":{"line":301,"column":91}},"109":{"start":{"line":312,"column":51},"end":{"line":312,"column":89}}},"fnMap":{"0":{"name":"BookingModal","decl":{"start":{"line":20,"column":16},"end":{"line":20,"column":28}},"loc":{"start":{"line":20,"column":111},"end":{"line":379,"column":1}},"line":20},"1":{"name":"(anonymous_1)","decl":{"start":{"line":34,"column":12},"end":{"line":34,"column":13}},"loc":{"start":{"line":34,"column":18},"end":{"line":45,"column":3}},"line":34},"2":{"name":"(anonymous_2)","decl":{"start":{"line":47,"column":33},"end":{"line":47,"column":34}},"loc":{"start":{"line":47,"column":39},"end":{"line":63,"column":3}},"line":47},"3":{"name":"(anonymous_3)","decl":{"start":{"line":66,"column":26},"end":{"line":66,"column":27}},"loc":{"start":{"line":66,"column":76},"end":{"line":73,"column":3}},"line":66},"4":{"name":"(anonymous_4)","decl":{"start":{"line":76,"column":33},"end":{"line":76,"column":34}},"loc":{"start":{"line":76,"column":39},"end":{"line":96,"column":3}},"line":76},"5":{"name":"(anonymous_5)","decl":{"start":{"line":93,"column":24},"end":{"line":93,"column":25}},"loc":{"start":{"line":94,"column":6},"end":{"line":94,"column":73}},"line":94},"6":{"name":"(anonymous_6)","decl":{"start":{"line":94,"column":24},"end":{"line":94,"column":25}},"loc":{"start":{"line":94,"column":29},"end":{"line":94,"column":72}},"line":94},"7":{"name":"(anonymous_7)","decl":{"start":{"line":98,"column":31},"end":{"line":98,"column":32}},"loc":{"start":{"line":98,"column":37},"end":{"line":116,"column":3}},"line":98},"8":{"name":"(anonymous_8)","decl":{"start":{"line":100,"column":42},"end":{"line":100,"column":43}},"loc":{"start":{"line":100,"column":47},"end":{"line":100,"column":82}},"line":100},"9":{"name":"(anonymous_9)","decl":{"start":{"line":104,"column":30},"end":{"line":104,"column":31}},"loc":{"start":{"line":104,"column":39},"end":{"line":114,"column":5}},"line":104},"10":{"name":"(anonymous_10)","decl":{"start":{"line":120,"column":33},"end":{"line":120,"column":34}},"loc":{"start":{"line":120,"column":39},"end":{"line":156,"column":3}},"line":120},"11":{"name":"(anonymous_11)","decl":{"start":{"line":130,"column":26},"end":{"line":130,"column":27}},"loc":{"start":{"line":130,"column":44},"end":{"line":130,"column":84}},"line":130},"12":{"name":"(anonymous_12)","decl":{"start":{"line":135,"column":28},"end":{"line":135,"column":29}},"loc":{"start":{"line":135,"column":46},"end":{"line":138,"column":7}},"line":135},"13":{"name":"(anonymous_13)","decl":{"start":{"line":158,"column":30},"end":{"line":158,"column":31}},"loc":{"start":{"line":158,"column":36},"end":{"line":174,"column":3}},"line":158},"14":{"name":"(anonymous_14)","decl":{"start":{"line":166,"column":15},"end":{"line":166,"column":16}},"loc":{"start":{"line":166,"column":21},"end":{"line":173,"column":5}},"line":166},"15":{"name":"(anonymous_15)","decl":{"start":{"line":183,"column":21},"end":{"line":183,"column":22}},"loc":{"start":{"line":183,"column":27},"end":{"line":183,"column":77}},"line":183},"16":{"name":"(anonymous_16)","decl":{"start":{"line":223,"column":39},"end":{"line":223,"column":40}},"loc":{"start":{"line":223,"column":52},"end":{"line":243,"column":21}},"line":223},"17":{"name":"(anonymous_17)","decl":{"start":{"line":229,"column":35},"end":{"line":229,"column":36}},"loc":{"start":{"line":229,"column":41},"end":{"line":232,"column":27}},"line":229},"18":{"name":"(anonymous_18)","decl":{"start":{"line":255,"column":42},"end":{"line":255,"column":43}},"loc":{"start":{"line":255,"column":52},"end":{"line":272,"column":25}},"line":255},"19":{"name":"(anonymous_19)","decl":{"start":{"line":261,"column":39},"end":{"line":261,"column":40}},"loc":{"start":{"line":261,"column":45},"end":{"line":264,"column":31}},"line":261},"20":{"name":"(anonymous_20)","decl":{"start":{"line":284,"column":31},"end":{"line":284,"column":32}},"loc":{"start":{"line":284,"column":37},"end":{"line":287,"column":23}},"line":284},"21":{"name":"(anonymous_21)","decl":{"start":{"line":301,"column":42},"end":{"line":301,"column":43}},"loc":{"start":{"line":301,"column":51},"end":{"line":301,"column":91}},"line":301},"22":{"name":"(anonymous_22)","decl":{"start":{"line":312,"column":42},"end":{"line":312,"column":43}},"loc":{"start":{"line":312,"column":51},"end":{"line":312,"column":89}},"line":312}},"branchMap":{"0":{"loc":{"start":{"line":35,"column":4},"end":{"line":44,"column":5}},"type":"if","locations":[{"start":{"line":35,"column":4},"end":{"line":44,"column":5}},{"start":{},"end":{}}],"line":35},"1":{"loc":{"start":{"line":49,"column":30},"end":{"line":49,"column":96}},"type":"binary-expr","locations":[{"start":{"line":49,"column":30},"end":{"line":49,"column":54}},{"start":{"line":49,"column":58},"end":{"line":49,"column":70}},{"start":{"line":49,"column":74},"end":{"line":49,"column":96}}],"line":49},"2":{"loc":{"start":{"line":51,"column":4},"end":{"line":62,"column":5}},"type":"if","locations":[{"start":{"line":51,"column":4},"end":{"line":62,"column":5}},{"start":{"line":60,"column":11},"end":{"line":62,"column":5}}],"line":51},"3":{"loc":{"start":{"line":51,"column":8},"end":{"line":51,"column":39}},"type":"binary-expr","locations":[{"start":{"line":51,"column":8},"end":{"line":51,"column":25}},{"start":{"line":51,"column":29},"end":{"line":51,"column":39}}],"line":51},"4":{"loc":{"start":{"line":69,"column":4},"end":{"line":71,"column":5}},"type":"if","locations":[{"start":{"line":69,"column":4},"end":{"line":71,"column":5}},{"start":{},"end":{}}],"line":69},"5":{"loc":{"start":{"line":94,"column":29},"end":{"line":94,"column":72}},"type":"binary-expr","locations":[{"start":{"line":94,"column":29},"end":{"line":94,"column":50}},{"start":{"line":94,"column":54},"end":{"line":94,"column":72}}],"line":94},"6":{"loc":{"start":{"line":99,"column":4},"end":{"line":99,"column":36}},"type":"if","locations":[{"start":{"line":99,"column":4},"end":{"line":99,"column":36}},{"start":{},"end":{}}],"line":99},"7":{"loc":{"start":{"line":101,"column":4},"end":{"line":101,"column":32}},"type":"if","locations":[{"start":{"line":101,"column":4},"end":{"line":101,"column":32}},{"start":{},"end":{}}],"line":101},"8":{"loc":{"start":{"line":118,"column":2},"end":{"line":118,"column":29}},"type":"if","locations":[{"start":{"line":118,"column":2},"end":{"line":118,"column":29}},{"start":{},"end":{}}],"line":118},"9":{"loc":{"start":{"line":121,"column":4},"end":{"line":124,"column":5}},"type":"if","locations":[{"start":{"line":121,"column":4},"end":{"line":124,"column":5}},{"start":{},"end":{}}],"line":121},"10":{"loc":{"start":{"line":125,"column":4},"end":{"line":128,"column":5}},"type":"if","locations":[{"start":{"line":125,"column":4},"end":{"line":128,"column":5}},{"start":{},"end":{}}],"line":125},"11":{"loc":{"start":{"line":125,"column":8},"end":{"line":125,"column":38}},"type":"binary-expr","locations":[{"start":{"line":125,"column":8},"end":{"line":125,"column":21}},{"start":{"line":125,"column":25},"end":{"line":125,"column":38}}],"line":125},"12":{"loc":{"start":{"line":129,"column":4},"end":{"line":143,"column":5}},"type":"if","locations":[{"start":{"line":129,"column":4},"end":{"line":143,"column":5}},{"start":{},"end":{}}],"line":129},"13":{"loc":{"start":{"line":131,"column":6},"end":{"line":134,"column":7}},"type":"if","locations":[{"start":{"line":131,"column":6},"end":{"line":134,"column":7}},{"start":{},"end":{}}],"line":131},"14":{"loc":{"start":{"line":131,"column":10},"end":{"line":131,"column":70}},"type":"binary-expr","locations":[{"start":{"line":131,"column":10},"end":{"line":131,"column":39}},{"start":{"line":131,"column":43},"end":{"line":131,"column":70}}],"line":131},"15":{"loc":{"start":{"line":139,"column":6},"end":{"line":142,"column":7}},"type":"if","locations":[{"start":{"line":139,"column":6},"end":{"line":142,"column":7}},{"start":{},"end":{}}],"line":139},"16":{"loc":{"start":{"line":144,"column":4},"end":{"line":154,"column":5}},"type":"if","locations":[{"start":{"line":144,"column":4},"end":{"line":154,"column":5}},{"start":{},"end":{}}],"line":144},"17":{"loc":{"start":{"line":145,"column":27},"end":{"line":145,"column":96}},"type":"cond-expr","locations":[{"start":{"line":145,"column":42},"end":{"line":145,"column":81}},{"start":{"line":145,"column":84},"end":{"line":145,"column":96}}],"line":145},"18":{"loc":{"start":{"line":147,"column":6},"end":{"line":153,"column":7}},"type":"if","locations":[{"start":{"line":147,"column":6},"end":{"line":153,"column":7}},{"start":{},"end":{}}],"line":147},"19":{"loc":{"start":{"line":147,"column":10},"end":{"line":147,"column":99}},"type":"binary-expr","locations":[{"start":{"line":147,"column":10},"end":{"line":147,"column":58}},{"start":{"line":147,"column":62},"end":{"line":147,"column":99}}],"line":147},"20":{"loc":{"start":{"line":159,"column":4},"end":{"line":162,"column":5}},"type":"if","locations":[{"start":{"line":159,"column":4},"end":{"line":162,"column":5}},{"start":{},"end":{}}],"line":159},"21":{"loc":{"start":{"line":164,"column":22},"end":{"line":164,"column":91}},"type":"cond-expr","locations":[{"start":{"line":164,"column":37},"end":{"line":164,"column":76}},{"start":{"line":164,"column":79},"end":{"line":164,"column":91}}],"line":164},"22":{"loc":{"start":{"line":183,"column":27},"end":{"line":183,"column":77}},"type":"cond-expr","locations":[{"start":{"line":183,"column":40},"end":{"line":183,"column":50}},{"start":{"line":183,"column":53},"end":{"line":183,"column":77}}],"line":183},"23":{"loc":{"start":{"line":188,"column":28},"end":{"line":188,"column":63}},"type":"cond-expr","locations":[{"start":{"line":188,"column":41},"end":{"line":188,"column":53}},{"start":{"line":188,"column":56},"end":{"line":188,"column":63}}],"line":188},"24":{"loc":{"start":{"line":191,"column":13},"end":{"line":191,"column":56}},"type":"cond-expr","locations":[{"start":{"line":191,"column":26},"end":{"line":191,"column":39}},{"start":{"line":191,"column":42},"end":{"line":191,"column":56}}],"line":191},"25":{"loc":{"start":{"line":196,"column":40},"end":{"line":196,"column":85}},"type":"cond-expr","locations":[{"start":{"line":196,"column":64},"end":{"line":196,"column":73}},{"start":{"line":196,"column":76},"end":{"line":196,"column":85}}],"line":196},"26":{"loc":{"start":{"line":211,"column":17},"end":{"line":211,"column":101}},"type":"binary-expr","locations":[{"start":{"line":211,"column":17},"end":{"line":211,"column":37}},{"start":{"line":211,"column":41},"end":{"line":211,"column":101}}],"line":211},"27":{"loc":{"start":{"line":216,"column":13},"end":{"line":323,"column":13}},"type":"binary-expr","locations":[{"start":{"line":216,"column":13},"end":{"line":216,"column":23}},{"start":{"line":217,"column":14},"end":{"line":322,"column":21}}],"line":216},"28":{"loc":{"start":{"line":220,"column":19},"end":{"line":244,"column":19}},"type":"cond-expr","locations":[{"start":{"line":221,"column":20},"end":{"line":221,"column":91}},{"start":{"line":223,"column":20},"end":{"line":243,"column":22}}],"line":220},"29":{"loc":{"start":{"line":233,"column":37},"end":{"line":233,"column":178}},"type":"cond-expr","locations":[{"start":{"line":233,"column":50},"end":{"line":233,"column":116}},{"start":{"line":233,"column":119},"end":{"line":233,"column":178}}],"line":233},"30":{"loc":{"start":{"line":235,"column":56},"end":{"line":235,"column":99}},"type":"cond-expr","locations":[{"start":{"line":235,"column":69},"end":{"line":235,"column":81}},{"start":{"line":235,"column":84},"end":{"line":235,"column":99}}],"line":235},"31":{"loc":{"start":{"line":238,"column":61},"end":{"line":238,"column":109}},"type":"cond-expr","locations":[{"start":{"line":238,"column":74},"end":{"line":238,"column":91}},{"start":{"line":238,"column":94},"end":{"line":238,"column":109}}],"line":238},"32":{"loc":{"start":{"line":247,"column":17},"end":{"line":321,"column":17}},"type":"binary-expr","locations":[{"start":{"line":247,"column":17},"end":{"line":247,"column":32}},{"start":{"line":248,"column":18},"end":{"line":320,"column":25}}],"line":247},"33":{"loc":{"start":{"line":251,"column":21},"end":{"line":274,"column":21}},"type":"cond-expr","locations":[{"start":{"line":252,"column":22},"end":{"line":252,"column":105}},{"start":{"line":254,"column":22},"end":{"line":273,"column":29}}],"line":251},"34":{"loc":{"start":{"line":256,"column":45},"end":{"line":256,"column":83}},"type":"binary-expr","locations":[{"start":{"line":256,"column":45},"end":{"line":256,"column":58}},{"start":{"line":256,"column":62},"end":{"line":256,"column":83}}],"line":256},"35":{"loc":{"start":{"line":265,"column":41},"end":{"line":265,"column":214}},"type":"cond-expr","locations":[{"start":{"line":265,"column":54},"end":{"line":265,"column":136}},{"start":{"line":265,"column":139},"end":{"line":265,"column":214}}],"line":265},"36":{"loc":{"start":{"line":267,"column":60},"end":{"line":267,"column":103}},"type":"cond-expr","locations":[{"start":{"line":267,"column":73},"end":{"line":267,"column":85}},{"start":{"line":267,"column":88},"end":{"line":267,"column":103}}],"line":267},"37":{"loc":{"start":{"line":288,"column":33},"end":{"line":288,"column":182}},"type":"cond-expr","locations":[{"start":{"line":288,"column":48},"end":{"line":288,"column":117}},{"start":{"line":288,"column":120},"end":{"line":288,"column":182}}],"line":288},"38":{"loc":{"start":{"line":290,"column":52},"end":{"line":290,"column":97}},"type":"cond-expr","locations":[{"start":{"line":290,"column":67},"end":{"line":290,"column":79}},{"start":{"line":290,"column":82},"end":{"line":290,"column":97}}],"line":290},"39":{"loc":{"start":{"line":295,"column":21},"end":{"line":319,"column":21}},"type":"binary-expr","locations":[{"start":{"line":295,"column":21},"end":{"line":295,"column":33}},{"start":{"line":296,"column":22},"end":{"line":318,"column":29}}],"line":295},"40":{"loc":{"start":{"line":326,"column":13},"end":{"line":344,"column":13}},"type":"binary-expr","locations":[{"start":{"line":326,"column":13},"end":{"line":326,"column":23}},{"start":{"line":327,"column":14},"end":{"line":343,"column":21}}],"line":326},"41":{"loc":{"start":{"line":330,"column":56},"end":{"line":330,"column":136}},"type":"cond-expr","locations":[{"start":{"line":330,"column":104},"end":{"line":330,"column":118}},{"start":{"line":330,"column":121},"end":{"line":330,"column":136}}],"line":330},"42":{"loc":{"start":{"line":351,"column":11},"end":{"line":373,"column":11}},"type":"cond-expr","locations":[{"start":{"line":352,"column":12},"end":{"line":358,"column":31}},{"start":{"line":360,"column":12},"end":{"line":372,"column":31}}],"line":351},"43":{"loc":{"start":{"line":364,"column":91},"end":{"line":364,"column":136}},"type":"cond-expr","locations":[{"start":{"line":364,"column":103},"end":{"line":364,"column":118}},{"start":{"line":364,"column":121},"end":{"line":364,"column":136}}],"line":364},"44":{"loc":{"start":{"line":366,"column":15},"end":{"line":368,"column":22}},"type":"cond-expr","locations":[{"start":{"line":367,"column":16},"end":{"line":367,"column":68}},{"start":{"line":368,"column":18},"end":{"line":368,"column":22}}],"line":366},"45":{"loc":{"start":{"line":370,"column":17},"end":{"line":370,"column":66}},"type":"cond-expr","locations":[{"start":{"line":370,"column":29},"end":{"line":370,"column":49}},{"start":{"line":370,"column":52},"end":{"line":370,"column":66}}],"line":370}},"s":{"0":3,"1":4,"2":4,"3":4,"4":4,"5":4,"6":4,"7":4,"8":4,"9":4,"10":4,"11":4,"12":1,"13":1,"14":1,"15":1,"16":1,"17":1,"18":1,"19":1,"20":4,"21":0,"22":0,"23":0,"24":0,"25":4,"26":0,"27":0,"28":0,"29":0,"30":0,"31":4,"32":4,"33":4,"34":4,"35":4,"36":56,"37":56,"38":56,"39":4,"40":56,"41":80,"42":4,"43":4,"44":4,"45":0,"46":0,"47":0,"48":0,"49":0,"50":0,"51":0,"52":0,"53":0,"54":0,"55":0,"56":0,"57":0,"58":0,"59":0,"60":4,"61":2,"62":2,"63":0,"64":0,"65":0,"66":0,"67":0,"68":0,"69":0,"70":0,"71":0,"72":0,"73":0,"74":0,"75":0,"76":0,"77":0,"78":0,"79":0,"80":0,"81":0,"82":0,"83":0,"84":0,"85":0,"86":0,"87":2,"88":0,"89":0,"90":0,"91":0,"92":0,"93":0,"94":0,"95":0,"96":2,"97":0,"98":4,"99":4,"100":0,"101":0,"102":0,"103":0,"104":0,"105":0,"106":0,"107":0,"108":0,"109":0},"f":{"0":4,"1":4,"2":0,"3":0,"4":4,"5":56,"6":80,"7":4,"8":0,"9":0,"10":0,"11":0,"12":0,"13":0,"14":0,"15":0,"16":4,"17":0,"18":0,"19":0,"20":0,"21":0,"22":0},"b":{"0":[1,3],"1":[0,0,0],"2":[0,0],"3":[0,0],"4":[0,0],"5":[80,12],"6":[4,0],"7":[0,0],"8":[2,2],"9":[0,0],"10":[0,0],"11":[0,0],"12":[0,0],"13":[0,0],"14":[0,0],"15":[0,0],"16":[0,0],"17":[0,0],"18":[0,0],"19":[0,0],"20":[0,0],"21":[0,0],"22":[0,0],"23":[0,2],"24":[2,0],"25":[2,0],"26":[2,0],"27":[2,2],"28":[0,2],"29":[0,4],"30":[0,4],"31":[0,4],"32":[2,0],"33":[0,0],"34":[0,0],"35":[0,0],"36":[0,0],"37":[0,0],"38":[0,0],"39":[0,0],"40":[2,0],"41":[0,0],"42":[2,0],"43":[0,0],"44":[0,0],"45":[0,0]},"_coverageSchema":"1a1c01bbd47fc00a2c39e90264f33305004495a9","hash":"6a8fb464e684e89fca12465309fb2936ce5d0bd1"}
,"/Users/ebubekirerden/Documents/VSCode/bounswe2026group5/mobile/components/profile/EditAvailabilityModal.tsx": {"path":"/Users/ebubekirerden/Documents/VSCode/bounswe2026group5/mobile/components/profile/EditAvailabilityModal.tsx","statementMap":{"0":{"start":{"line":18,"column":18},"end":{"line":18,"column":96}},"1":{"start":{"line":26,"column":44},"end":{"line":26,"column":82}},"2":{"start":{"line":29,"column":17},"end":{"line":29,"column":36}},"3":{"start":{"line":31,"column":2},"end":{"line":50,"column":33}},"4":{"start":{"line":32,"column":4},"end":{"line":49,"column":5}},"5":{"start":{"line":33,"column":52},"end":{"line":33,"column":54}},"6":{"start":{"line":34,"column":6},"end":{"line":47,"column":9}},"7":{"start":{"line":35,"column":28},"end":{"line":35,"column":68}},"8":{"start":{"line":35,"column":54},"end":{"line":35,"column":67}},"9":{"start":{"line":36,"column":8},"end":{"line":46,"column":9}},"10":{"start":{"line":37,"column":10},"end":{"line":43,"column":12}},"11":{"start":{"line":40,"column":35},"end":{"line":40,"column":55}},"12":{"start":{"line":41,"column":14},"end":{"line":41,"column":93}},"13":{"start":{"line":45,"column":10},"end":{"line":45,"column":113}},"14":{"start":{"line":48,"column":6},"end":{"line":48,"column":36}},"15":{"start":{"line":52,"column":20},"end":{"line":54,"column":3}},"16":{"start":{"line":53,"column":4},"end":{"line":53,"column":98}},"17":{"start":{"line":53,"column":30},"end":{"line":53,"column":95}},"18":{"start":{"line":56,"column":18},"end":{"line":61,"column":3}},"19":{"start":{"line":57,"column":4},"end":{"line":60,"column":8}},"20":{"start":{"line":57,"column":30},"end":{"line":60,"column":5}},"21":{"start":{"line":63,"column":21},"end":{"line":68,"column":3}},"22":{"start":{"line":64,"column":4},"end":{"line":67,"column":8}},"23":{"start":{"line":64,"column":30},"end":{"line":67,"column":5}},"24":{"start":{"line":66,"column":67},"end":{"line":66,"column":85}},"25":{"start":{"line":70,"column":21},"end":{"line":75,"column":3}},"26":{"start":{"line":71,"column":4},"end":{"line":74,"column":8}},"27":{"start":{"line":71,"column":30},"end":{"line":74,"column":5}},"28":{"start":{"line":73,"column":64},"end":{"line":73,"column":119}},"29":{"start":{"line":77,"column":21},"end":{"line":121,"column":3}},"30":{"start":{"line":78,"column":46},"end":{"line":78,"column":48}},"31":{"start":{"line":79,"column":25},"end":{"line":79,"column":30}},"32":{"start":{"line":80,"column":28},"end":{"line":80,"column":33}},"33":{"start":{"line":83,"column":24},"end":{"line":83,"column":82}},"34":{"start":{"line":83,"column":42},"end":{"line":83,"column":82}},"35":{"start":{"line":86,"column":26},"end":{"line":89,"column":5}},"36":{"start":{"line":87,"column":31},"end":{"line":87,"column":58}},"37":{"start":{"line":88,"column":6},"end":{"line":88,"column":36}},"38":{"start":{"line":91,"column":4},"end":{"line":106,"column":7}},"39":{"start":{"line":92,"column":22},"end":{"line":92,"column":40}},"40":{"start":{"line":93,"column":6},"end":{"line":105,"column":7}},"41":{"start":{"line":95,"column":8},"end":{"line":102,"column":11}},"42":{"start":{"line":96,"column":10},"end":{"line":101,"column":11}},"43":{"start":{"line":97,"column":12},"end":{"line":97,"column":34}},"44":{"start":{"line":98,"column":17},"end":{"line":101,"column":11}},"45":{"start":{"line":100,"column":12},"end":{"line":100,"column":37}},"46":{"start":{"line":104,"column":8},"end":{"line":104,"column":101}},"47":{"start":{"line":104,"column":67},"end":{"line":104,"column":96}},"48":{"start":{"line":109,"column":4},"end":{"line":112,"column":5}},"49":{"start":{"line":110,"column":6},"end":{"line":110,"column":113}},"50":{"start":{"line":111,"column":6},"end":{"line":111,"column":13}},"51":{"start":{"line":114,"column":4},"end":{"line":117,"column":5}},"52":{"start":{"line":115,"column":6},"end":{"line":115,"column":109}},"53":{"start":{"line":116,"column":6},"end":{"line":116,"column":13}},"54":{"start":{"line":119,"column":4},"end":{"line":119,"column":26}},"55":{"start":{"line":120,"column":4},"end":{"line":120,"column":14}},"56":{"start":{"line":123,"column":2},"end":{"line":219,"column":4}},"57":{"start":{"line":152,"column":34},"end":{"line":152,"column":61}},"58":{"start":{"line":153,"column":30},"end":{"line":153,"column":61}},"59":{"start":{"line":155,"column":16},"end":{"line":211,"column":18}},"60":{"start":{"line":162,"column":49},"end":{"line":162,"column":63}},"61":{"start":{"line":178,"column":26},"end":{"line":195,"column":33}},"62":{"start":{"line":181,"column":53},"end":{"line":181,"column":91}},"63":{"start":{"line":188,"column":53},"end":{"line":188,"column":89}},"64":{"start":{"line":192,"column":61},"end":{"line":192,"column":85}},"65":{"start":{"line":200,"column":41},"end":{"line":200,"column":53}},"66":{"start":{"line":202,"column":51},"end":{"line":202,"column":81}}},"fnMap":{"0":{"name":"EditAvailabilityModal","decl":{"start":{"line":25,"column":16},"end":{"line":25,"column":37}},"loc":{"start":{"line":25,"column":113},"end":{"line":220,"column":1}},"line":25},"1":{"name":"(anonymous_1)","decl":{"start":{"line":31,"column":12},"end":{"line":31,"column":13}},"loc":{"start":{"line":31,"column":18},"end":{"line":50,"column":3}},"line":31},"2":{"name":"(anonymous_2)","decl":{"start":{"line":34,"column":24},"end":{"line":34,"column":25}},"loc":{"start":{"line":34,"column":31},"end":{"line":47,"column":7}},"line":34},"3":{"name":"(anonymous_3)","decl":{"start":{"line":35,"column":49},"end":{"line":35,"column":50}},"loc":{"start":{"line":35,"column":54},"end":{"line":35,"column":67}},"line":35},"4":{"name":"(anonymous_4)","decl":{"start":{"line":39,"column":41},"end":{"line":39,"column":42}},"loc":{"start":{"line":39,"column":61},"end":{"line":42,"column":13}},"line":39},"5":{"name":"(anonymous_5)","decl":{"start":{"line":52,"column":20},"end":{"line":52,"column":21}},"loc":{"start":{"line":52,"column":37},"end":{"line":54,"column":3}},"line":52},"6":{"name":"(anonymous_6)","decl":{"start":{"line":53,"column":21},"end":{"line":53,"column":22}},"loc":{"start":{"line":53,"column":30},"end":{"line":53,"column":95}},"line":53},"7":{"name":"(anonymous_7)","decl":{"start":{"line":56,"column":18},"end":{"line":56,"column":19}},"loc":{"start":{"line":56,"column":35},"end":{"line":61,"column":3}},"line":56},"8":{"name":"(anonymous_8)","decl":{"start":{"line":57,"column":21},"end":{"line":57,"column":22}},"loc":{"start":{"line":57,"column":30},"end":{"line":60,"column":5}},"line":57},"9":{"name":"(anonymous_9)","decl":{"start":{"line":63,"column":21},"end":{"line":63,"column":22}},"loc":{"start":{"line":63,"column":54},"end":{"line":68,"column":3}},"line":63},"10":{"name":"(anonymous_10)","decl":{"start":{"line":64,"column":21},"end":{"line":64,"column":22}},"loc":{"start":{"line":64,"column":30},"end":{"line":67,"column":5}},"line":64},"11":{"name":"(anonymous_11)","decl":{"start":{"line":66,"column":59},"end":{"line":66,"column":60}},"loc":{"start":{"line":66,"column":67},"end":{"line":66,"column":85}},"line":66},"12":{"name":"(anonymous_12)","decl":{"start":{"line":70,"column":21},"end":{"line":70,"column":22}},"loc":{"start":{"line":70,"column":93},"end":{"line":75,"column":3}},"line":70},"13":{"name":"(anonymous_13)","decl":{"start":{"line":71,"column":21},"end":{"line":71,"column":22}},"loc":{"start":{"line":71,"column":30},"end":{"line":74,"column":5}},"line":71},"14":{"name":"(anonymous_14)","decl":{"start":{"line":73,"column":56},"end":{"line":73,"column":57}},"loc":{"start":{"line":73,"column":64},"end":{"line":73,"column":119}},"line":73},"15":{"name":"(anonymous_15)","decl":{"start":{"line":77,"column":21},"end":{"line":77,"column":22}},"loc":{"start":{"line":77,"column":27},"end":{"line":121,"column":3}},"line":77},"16":{"name":"(anonymous_16)","decl":{"start":{"line":83,"column":24},"end":{"line":83,"column":25}},"loc":{"start":{"line":83,"column":42},"end":{"line":83,"column":82}},"line":83},"17":{"name":"(anonymous_17)","decl":{"start":{"line":86,"column":26},"end":{"line":86,"column":27}},"loc":{"start":{"line":86,"column":44},"end":{"line":89,"column":5}},"line":86},"18":{"name":"(anonymous_18)","decl":{"start":{"line":91,"column":22},"end":{"line":91,"column":23}},"loc":{"start":{"line":91,"column":29},"end":{"line":106,"column":5}},"line":91},"19":{"name":"(anonymous_19)","decl":{"start":{"line":95,"column":30},"end":{"line":95,"column":31}},"loc":{"start":{"line":95,"column":38},"end":{"line":102,"column":9}},"line":95},"20":{"name":"(anonymous_20)","decl":{"start":{"line":104,"column":59},"end":{"line":104,"column":60}},"loc":{"start":{"line":104,"column":67},"end":{"line":104,"column":96}},"line":104},"21":{"name":"(anonymous_21)","decl":{"start":{"line":151,"column":29},"end":{"line":151,"column":30}},"loc":{"start":{"line":151,"column":36},"end":{"line":212,"column":15}},"line":151},"22":{"name":"(anonymous_22)","decl":{"start":{"line":162,"column":43},"end":{"line":162,"column":44}},"loc":{"start":{"line":162,"column":49},"end":{"line":162,"column":63}},"line":162},"23":{"name":"(anonymous_23)","decl":{"start":{"line":177,"column":35},"end":{"line":177,"column":36}},"loc":{"start":{"line":178,"column":26},"end":{"line":195,"column":33}},"line":178},"24":{"name":"(anonymous_24)","decl":{"start":{"line":181,"column":44},"end":{"line":181,"column":45}},"loc":{"start":{"line":181,"column":53},"end":{"line":181,"column":91}},"line":181},"25":{"name":"(anonymous_25)","decl":{"start":{"line":188,"column":44},"end":{"line":188,"column":45}},"loc":{"start":{"line":188,"column":53},"end":{"line":188,"column":89}},"line":188},"26":{"name":"(anonymous_26)","decl":{"start":{"line":192,"column":55},"end":{"line":192,"column":56}},"loc":{"start":{"line":192,"column":61},"end":{"line":192,"column":85}},"line":192},"27":{"name":"(anonymous_27)","decl":{"start":{"line":200,"column":35},"end":{"line":200,"column":36}},"loc":{"start":{"line":200,"column":41},"end":{"line":200,"column":53}},"line":200},"28":{"name":"(anonymous_28)","decl":{"start":{"line":202,"column":33},"end":{"line":202,"column":34}},"loc":{"start":{"line":202,"column":51},"end":{"line":202,"column":81}},"line":202}},"branchMap":{"0":{"loc":{"start":{"line":32,"column":4},"end":{"line":49,"column":5}},"type":"if","locations":[{"start":{"line":32,"column":4},"end":{"line":49,"column":5}},{"start":{},"end":{}}],"line":32},"1":{"loc":{"start":{"line":36,"column":8},"end":{"line":46,"column":9}},"type":"if","locations":[{"start":{"line":36,"column":8},"end":{"line":46,"column":9}},{"start":{"line":44,"column":15},"end":{"line":46,"column":9}}],"line":36},"2":{"loc":{"start":{"line":36,"column":12},"end":{"line":36,"column":55}},"type":"binary-expr","locations":[{"start":{"line":36,"column":12},"end":{"line":36,"column":23}},{"start":{"line":36,"column":27},"end":{"line":36,"column":55}}],"line":36},"3":{"loc":{"start":{"line":41,"column":53},"end":{"line":41,"column":69}},"type":"binary-expr","locations":[{"start":{"line":41,"column":53},"end":{"line":41,"column":58}},{"start":{"line":41,"column":62},"end":{"line":41,"column":69}}],"line":41},"4":{"loc":{"start":{"line":41,"column":76},"end":{"line":41,"column":90}},"type":"binary-expr","locations":[{"start":{"line":41,"column":76},"end":{"line":41,"column":79}},{"start":{"line":41,"column":83},"end":{"line":41,"column":90}}],"line":41},"5":{"loc":{"start":{"line":73,"column":64},"end":{"line":73,"column":119}},"type":"cond-expr","locations":[{"start":{"line":73,"column":85},"end":{"line":73,"column":112}},{"start":{"line":73,"column":115},"end":{"line":73,"column":119}}],"line":73},"6":{"loc":{"start":{"line":93,"column":6},"end":{"line":105,"column":7}},"type":"if","locations":[{"start":{"line":93,"column":6},"end":{"line":105,"column":7}},{"start":{},"end":{}}],"line":93},"7":{"loc":{"start":{"line":93,"column":10},"end":{"line":93,"column":64}},"type":"binary-expr","locations":[{"start":{"line":93,"column":10},"end":{"line":93,"column":17}},{"start":{"line":93,"column":21},"end":{"line":93,"column":36}},{"start":{"line":93,"column":40},"end":{"line":93,"column":64}}],"line":93},"8":{"loc":{"start":{"line":96,"column":10},"end":{"line":101,"column":11}},"type":"if","locations":[{"start":{"line":96,"column":10},"end":{"line":101,"column":11}},{"start":{"line":98,"column":17},"end":{"line":101,"column":11}}],"line":96},"9":{"loc":{"start":{"line":96,"column":14},"end":{"line":96,"column":64}},"type":"binary-expr","locations":[{"start":{"line":96,"column":14},"end":{"line":96,"column":38}},{"start":{"line":96,"column":42},"end":{"line":96,"column":64}}],"line":96},"10":{"loc":{"start":{"line":98,"column":17},"end":{"line":101,"column":11}},"type":"if","locations":[{"start":{"line":98,"column":17},"end":{"line":101,"column":11}},{"start":{},"end":{}}],"line":98},"11":{"loc":{"start":{"line":109,"column":4},"end":{"line":112,"column":5}},"type":"if","locations":[{"start":{"line":109,"column":4},"end":{"line":112,"column":5}},{"start":{},"end":{}}],"line":109},"12":{"loc":{"start":{"line":114,"column":4},"end":{"line":117,"column":5}},"type":"if","locations":[{"start":{"line":114,"column":4},"end":{"line":117,"column":5}},{"start":{},"end":{}}],"line":114},"13":{"loc":{"start":{"line":142,"column":20},"end":{"line":142,"column":65}},"type":"cond-expr","locations":[{"start":{"line":142,"column":44},"end":{"line":142,"column":53}},{"start":{"line":142,"column":56},"end":{"line":142,"column":65}}],"line":142},"14":{"loc":{"start":{"line":153,"column":30},"end":{"line":153,"column":61}},"type":"binary-expr","locations":[{"start":{"line":153,"column":30},"end":{"line":153,"column":55}},{"start":{"line":153,"column":59},"end":{"line":153,"column":61}}],"line":153},"15":{"loc":{"start":{"line":166,"column":64},"end":{"line":166,"column":109}},"type":"cond-expr","locations":[{"start":{"line":166,"column":76},"end":{"line":166,"column":91}},{"start":{"line":166,"column":94},"end":{"line":166,"column":109}}],"line":166},"16":{"loc":{"start":{"line":170,"column":23},"end":{"line":172,"column":23}},"type":"binary-expr","locations":[{"start":{"line":170,"column":23},"end":{"line":170,"column":33}},{"start":{"line":171,"column":24},"end":{"line":171,"column":94}}],"line":170},"17":{"loc":{"start":{"line":175,"column":21},"end":{"line":209,"column":21}},"type":"binary-expr","locations":[{"start":{"line":175,"column":21},"end":{"line":175,"column":30}},{"start":{"line":176,"column":22},"end":{"line":208,"column":29}}],"line":175},"18":{"loc":{"start":{"line":202,"column":62},"end":{"line":202,"column":79}},"type":"cond-expr","locations":[{"start":{"line":202,"column":72},"end":{"line":202,"column":75}},{"start":{"line":202,"column":78},"end":{"line":202,"column":79}}],"line":202}},"s":{"0":1,"1":1,"2":1,"3":1,"4":1,"5":0,"6":0,"7":0,"8":0,"9":0,"10":0,"11":0,"12":0,"13":0,"14":0,"15":1,"16":0,"17":0,"18":1,"19":0,"20":0,"21":1,"22":0,"23":0,"24":0,"25":1,"26":0,"27":0,"28":0,"29":1,"30":0,"31":0,"32":0,"33":0,"34":0,"35":0,"36":0,"37":0,"38":0,"39":0,"40":0,"41":0,"42":0,"43":0,"44":0,"45":0,"46":0,"47":0,"48":0,"49":0,"50":0,"51":0,"52":0,"53":0,"54":0,"55":0,"56":1,"57":7,"58":7,"59":7,"60":0,"61":0,"62":0,"63":0,"64":0,"65":0,"66":0},"f":{"0":1,"1":1,"2":0,"3":0,"4":0,"5":0,"6":0,"7":0,"8":0,"9":0,"10":0,"11":0,"12":0,"13":0,"14":0,"15":0,"16":0,"17":0,"18":0,"19":0,"20":0,"21":7,"22":0,"23":0,"24":0,"25":0,"26":0,"27":0,"28":0},"b":{"0":[0,1],"1":[0,0],"2":[0,0],"3":[0,0],"4":[0,0],"5":[0,0],"6":[0,0],"7":[0,0,0],"8":[0,0],"9":[0,0],"10":[0,0],"11":[0,0],"12":[0,0],"13":[1,0],"14":[7,7],"15":[0,7],"16":[7,7],"17":[7,0],"18":[0,0]},"_coverageSchema":"1a1c01bbd47fc00a2c39e90264f33305004495a9","hash":"abd88adc9e0245497d645eafd50628e085c3a81d"}
,"/Users/ebubekirerden/Documents/VSCode/bounswe2026group5/mobile/components/profile/EditProfileModal.tsx": {"path":"/Users/ebubekirerden/Documents/VSCode/bounswe2026group5/mobile/components/profile/EditProfileModal.tsx","statementMap":{"0":{"start":{"line":33,"column":17},"end":{"line":33,"column":36}},"1":{"start":{"line":35,"column":26},"end":{"line":35,"column":38}},"2":{"start":{"line":36,"column":24},"end":{"line":36,"column":36}},"3":{"start":{"line":38,"column":2},"end":{"line":43,"column":29}},"4":{"start":{"line":39,"column":4},"end":{"line":42,"column":5}},"5":{"start":{"line":40,"column":6},"end":{"line":40,"column":32}},"6":{"start":{"line":41,"column":6},"end":{"line":41,"column":30}},"7":{"start":{"line":45,"column":21},"end":{"line":52,"column":3}},"8":{"start":{"line":46,"column":4},"end":{"line":49,"column":5}},"9":{"start":{"line":47,"column":6},"end":{"line":47,"column":37}},"10":{"start":{"line":48,"column":6},"end":{"line":48,"column":13}},"11":{"start":{"line":50,"column":4},"end":{"line":50,"column":51}},"12":{"start":{"line":51,"column":4},"end":{"line":51,"column":14}},"13":{"start":{"line":54,"column":2},"end":{"line":175,"column":4}},"14":{"start":{"line":99,"column":33},"end":{"line":99,"column":72}},"15":{"start":{"line":124,"column":35},"end":{"line":124,"column":69}}},"fnMap":{"0":{"name":"EditProfileModal","decl":{"start":{"line":27,"column":16},"end":{"line":27,"column":32}},"loc":{"start":{"line":32,"column":26},"end":{"line":176,"column":1}},"line":32},"1":{"name":"(anonymous_1)","decl":{"start":{"line":38,"column":12},"end":{"line":38,"column":13}},"loc":{"start":{"line":38,"column":18},"end":{"line":43,"column":3}},"line":38},"2":{"name":"(anonymous_2)","decl":{"start":{"line":45,"column":21},"end":{"line":45,"column":22}},"loc":{"start":{"line":45,"column":27},"end":{"line":52,"column":3}},"line":45},"3":{"name":"(anonymous_3)","decl":{"start":{"line":99,"column":27},"end":{"line":99,"column":28}},"loc":{"start":{"line":99,"column":33},"end":{"line":99,"column":72}},"line":99},"4":{"name":"(anonymous_4)","decl":{"start":{"line":124,"column":29},"end":{"line":124,"column":30}},"loc":{"start":{"line":124,"column":35},"end":{"line":124,"column":69}},"line":124}},"branchMap":{"0":{"loc":{"start":{"line":39,"column":4},"end":{"line":42,"column":5}},"type":"if","locations":[{"start":{"line":39,"column":4},"end":{"line":42,"column":5}},{"start":{},"end":{}}],"line":39},"1":{"loc":{"start":{"line":46,"column":4},"end":{"line":49,"column":5}},"type":"if","locations":[{"start":{"line":46,"column":4},"end":{"line":49,"column":5}},{"start":{},"end":{}}],"line":46},"2":{"loc":{"start":{"line":86,"column":20},"end":{"line":86,"column":65}},"type":"cond-expr","locations":[{"start":{"line":86,"column":44},"end":{"line":86,"column":53}},{"start":{"line":86,"column":56},"end":{"line":86,"column":65}}],"line":86},"3":{"loc":{"start":{"line":118,"column":25},"end":{"line":118,"column":66}},"type":"cond-expr","locations":[{"start":{"line":118,"column":32},"end":{"line":118,"column":60}},{"start":{"line":118,"column":63},"end":{"line":118,"column":66}}],"line":118},"4":{"loc":{"start":{"line":145,"column":20},"end":{"line":147,"column":33}},"type":"cond-expr","locations":[{"start":{"line":146,"column":24},"end":{"line":146,"column":75}},{"start":{"line":147,"column":24},"end":{"line":147,"column":33}}],"line":145}},"s":{"0":1,"1":1,"2":1,"3":1,"4":1,"5":0,"6":0,"7":1,"8":0,"9":0,"10":0,"11":0,"12":0,"13":1,"14":0,"15":0},"f":{"0":1,"1":1,"2":0,"3":0,"4":0},"b":{"0":[0,1],"1":[0,0],"2":[1,0],"3":[0,1],"4":[0,1]},"_coverageSchema":"1a1c01bbd47fc00a2c39e90264f33305004495a9","hash":"e313d09200d8005b7b3f0a9ab7d37bedfe3bd926"}
,"/Users/ebubekirerden/Documents/VSCode/bounswe2026group5/mobile/components/profile/EditSkillsModal.tsx": {"path":"/Users/ebubekirerden/Documents/VSCode/bounswe2026group5/mobile/components/profile/EditSkillsModal.tsx","statementMap":{"0":{"start":{"line":9,"column":23},"end":{"line":13,"column":8}},"1":{"start":{"line":25,"column":44},"end":{"line":25,"column":66}},"2":{"start":{"line":26,"column":36},"end":{"line":26,"column":48}},"3":{"start":{"line":28,"column":2},"end":{"line":33,"column":31}},"4":{"start":{"line":29,"column":4},"end":{"line":32,"column":5}},"5":{"start":{"line":30,"column":6},"end":{"line":30,"column":38}},"6":{"start":{"line":31,"column":6},"end":{"line":31,"column":23}},"7":{"start":{"line":35,"column":19},"end":{"line":35,"column":39}},"8":{"start":{"line":36,"column":21},"end":{"line":36,"column":52}},"9":{"start":{"line":37,"column":18},"end":{"line":37,"column":98}},"10":{"start":{"line":38,"column":20},"end":{"line":38,"column":69}},"11":{"start":{"line":40,"column":30},"end":{"line":43,"column":3}},"12":{"start":{"line":41,"column":4},"end":{"line":42,"column":34}},"13":{"start":{"line":45,"column":28},"end":{"line":48,"column":3}},"14":{"start":{"line":46,"column":4},"end":{"line":46,"column":48}},"15":{"start":{"line":47,"column":4},"end":{"line":47,"column":21}},"16":{"start":{"line":50,"column":28},"end":{"line":52,"column":3}},"17":{"start":{"line":51,"column":4},"end":{"line":51,"column":77}},"18":{"start":{"line":51,"column":51},"end":{"line":51,"column":74}},"19":{"start":{"line":54,"column":2},"end":{"line":140,"column":4}},"20":{"start":{"line":62,"column":28},"end":{"line":62,"column":47}},"21":{"start":{"line":83,"column":18},"end":{"line":88,"column":25}},"22":{"start":{"line":85,"column":53},"end":{"line":85,"column":77}},"23":{"start":{"line":104,"column":49},"end":{"line":104,"column":65}},"24":{"start":{"line":116,"column":18},"end":{"line":123,"column":37}},"25":{"start":{"line":118,"column":35},"end":{"line":118,"column":59}},"26":{"start":{"line":130,"column":31},"end":{"line":130,"column":53}},"27":{"start":{"line":130,"column":54},"end":{"line":130,"column":64}}},"fnMap":{"0":{"name":"EditSkillsModal","decl":{"start":{"line":24,"column":16},"end":{"line":24,"column":31}},"loc":{"start":{"line":24,"column":115},"end":{"line":141,"column":1}},"line":24},"1":{"name":"(anonymous_1)","decl":{"start":{"line":28,"column":12},"end":{"line":28,"column":13}},"loc":{"start":{"line":28,"column":18},"end":{"line":33,"column":3}},"line":28},"2":{"name":"(anonymous_2)","decl":{"start":{"line":40,"column":52},"end":{"line":40,"column":53}},"loc":{"start":{"line":41,"column":4},"end":{"line":42,"column":34}},"line":41},"3":{"name":"(anonymous_3)","decl":{"start":{"line":45,"column":28},"end":{"line":45,"column":29}},"loc":{"start":{"line":45,"column":47},"end":{"line":48,"column":3}},"line":45},"4":{"name":"(anonymous_4)","decl":{"start":{"line":50,"column":28},"end":{"line":50,"column":29}},"loc":{"start":{"line":50,"column":55},"end":{"line":52,"column":3}},"line":50},"5
[...]
,"/Users/ebubekirerden/Documents/VSCode/bounswe2026group5/mobile/components/profile/ManageOfferingsModal.tsx": {"path":"/Users/ebubekirerden/Documents/VSCode/bounswe2026group5/mobile/components/profile/ManageOfferingsModal.tsx","statementMap":{"0":{"start":{"line":19,"column":18},"end":{"line":19,"column":58}},"1":{"start":{"line":20,"column":15},"end":{"line":20,"column":69}},"2":{"start":{"line":21,"column":50},"end":{"line":27,"column":1}},"3":{"start":{"line":32,"column":17},"end":{"line":32,"column":36}},"4":{"start":{"line":35,"column":28},"end":{"line":35,"column":40}},"5":{"start":{"line":36,"column":40},"end":{"line":36,"column":52}},"6":{"start":{"line":37,"column":50},"end":{"line":37,"column":68}},"7":{"start":{"line":38,"column":44},"end":{"line":38,"column":66}},"8":{"start":{"line":39,"column":42},"end":{"line":39,"column":98}},"9":{"start":{"line":41,"column":20},"end":{"line":62,"column":3}},"10":{"start":{"line":42,"column":4},"end":{"line":45,"column":5}},"11":{"start":{"line":43,"column":6},"end":{"line":43,"column":72}},"12":{"start":{"line":44,"column":6},"end":{"line":44,"column":13}},"13":{"start":{"line":46,"column":34},"end":{"line":53,"column":5}},"14":{"start":{"line":54,"column":4},"end":{"line":54,"column":23}},"15":{"start":{"line":57,"column":4},"end":{"line":57,"column":17}},"16":{"start":{"line":58,"column":4},"end":{"line":58,"column":23}},"17":{"start":{"line":59,"column":4},"end":{"line":59,"column":34}},"18":{"start":{"line":60,"column":4},"end":{"line":60,"column":35}},"19":{"start":{"line":61,"column":4},"end":{"line":61,"column":36}},"20":{"start":{"line":64,"column":19},"end":{"line":73,"column":3}},"21":{"start":{"line":65,"column":4},"end":{"line":65,"column":50}},"22":{"start":{"line":65,"column":43},"end":{"line":65,"column":50}},"23":{"start":{"line":66,"column":4},"end":{"line":66,"column":71}},"24":{"start":{"line":66,"column":64},"end":{"line":66,"column":71}},"25":{"start":{"line":68,"column":25},"end":{"line":68,"column":39}},"26":{"start":{"line":69,"column":22},"end":{"line":69,"column":64}},"27":{"start":{"line":71,"column":4},"end":{"line":71,"column":100}},"28":{"start":{"line":72,"column":4},"end":{"line":72,"column":28}},"29":{"start":{"line":75,"column":2},"end":{"line":192,"column":4}},"30":{"start":{"line":114,"column":18},"end":{"line":119,"column":37}},"31":{"start":{"line":115,"column":45},"end":{"line":115,"column":69}},"32":{"start":{"line":125,"column":18},"end":{"line":130,"column":37}},"33":{"start":{"line":126,"column":45},"end":{"line":126,"column":66}},"34":{"start":{"line":136,"column":18},"end":{"line":141,"column":37}},"35":{"start":{"line":137,"column":46},"end":{"line":137,"column":67}},"36":{"start":{"line":155,"column":16},"end":{"line":184,"column":23}},"37":{"start":{"line":172,"column":55},"end":{"line":172,"column":76}},"38":{"start":{"line":175,"column":55},"end":{"line":175,"column":78}},"39":{"start":{"line":179,"column":53},"end":{"line":179,"column":70}}},"fnMap":{"0":{"name":"ManageOfferingsModal","decl":{"start":{"line":29,"column":16},"end":{"line":29,"column":36}},"loc":{"start":{"line":31,"column":30},"end":{"line":193,"column":1}},"line":31},"1":{"name":"(anonymous_1)","decl":{"start":{"line":41,"column":20},"end":{"line":41,"column":21}},"loc":{"start":{"line":41,"column":26},"end":{"line":62,"column":3}},"line":41},"2":{"name":"(anonymous_2)","decl":{"start":{"line":64,"column":19},"end":{"line":64,"column":20}},"loc":{"start":{"line":64,"column":64},"end":{"line":73,"column":3}},"line":64},"3":{"name":"(anonymous_3)","decl":{"start":{"line":113,"column":31},"end":{"line":113,"column":32}},"loc":{"start":{"line":114,"column":18},"end":{"line":119,"column":37}},"line":114},"4":{"name":"(anonymous_4)","decl":{"start":{"line":115,"column":39},"end":{"line":115,"column":40}},"loc":{"start":{"line":115,"column":45},"end":{"line":115,"column":69}},"line":115},"5":{"name":"(anonymous_5)","decl":{"start":{"line":124,"column":28},"end":{"line":124,"column":29}},"loc":{"start":{"line":125,"column":18},"end":{"line":130,"column":37}},"line":125},"6":{"name":"(anonymous_6)","decl":{"start":{"line":126,"column":39},"end":{"line":126,"column":40}},"loc":{"start":{"line":126,"column":45},"end":{"line":126,"column":66}},"line":126},"7":{"name":"(anonymous_7)","decl":{"start":{"line":135,"column":27},"end":{"line":135,"column":28}},"loc":{"start":{"line":136,"column":18},"end":{"line":141,"column":37}},"line":136},"8":{"name":"(anonymous_8)","decl":{"start":{"line":137,"column":40},"end":{"line":137,"column":41}},"loc":{"start":{"line":137,"column":46},"end":{"line":137,"column":67}},"line":137},"9":{"name":"(anonymous_9)","decl":{"start":{"line":154,"column":29},"end":{"line":154,"column":30}},"loc":{"start":{"line":155,"column":16},"end":{"line":184,"column":23}},"line":155},"10":{"name":"(anonymous_10)","decl":{"start":{"line":172,"column":49},"end":{"line":172,"column":50}},"loc":{"start":{"line":172,"column":55},"end":{"line":172,"column":76}},"line":172},"11":{"name":"(anonymous_11)","decl":{"start":{"line":175,"column":49},"end":{"line":175,"column":50}},"loc":{"start":{"line":175,"column":55},"end":{"line":175,"column":78}},"line":175},"12":{"name":"(anonymous_12)","decl":{"start":{"line":179,"column":47},"end":{"line":179,"column":48}},"loc":{"start":{"line":179,"column":53},"end":{"line":179,"column":70}},"line":179}},"branchMap":{"0":{"loc":{"start":{"line":42,"column":4},"end":{"line":45,"column":5}},"type":"if","locations":[{"start":{"line":42,"column":4},"end":{"line":45,"column":5}},{"start":{},"end":{}}],"line":42},"1":{"loc":{"start":{"line":65,"column":4},"end":{"line":65,"column":50}},"type":"if","locations":[{"start":{"line":65,"column":4},"end":{"line":65,"column":50}},{"start":{},"end":{}}],"line":65},"2":{"loc":{"start":{"line":65,"column":8},"end":{"line":65,"column":41}},"type":"binary-expr","locations":[{"start":{"line":65,"column":8},"end":{"line":65,"column":26}},{"start":{"line":65,"column":30},"end":{"line":65,"column":41}}],"line":65},"3":{"loc":{"start":{"line":66,"column":4},"end":{"line":66,"column":71}},"type":"if","locations":[{"start":{"line":66,"column":4},"end":{"line":66,"column":71}},{"start":{},"end":{}}],"line":66},"4":{"loc":{"start":{"line":66,"column":8},"end":{"line":66,"column":62}},"type":"binary-expr","locations":[{"start":{"line":66,"column":8},"end":{"line":66,"column":28}},{"start":{"line":66,"column":32},"end":{"line":66,"column":62}}],"line":66},"5":{"loc":{"start":{"line":69,"column":22},"end":{"line":69,"column":64}},"type":"cond-expr","locations":[{"start":{"line":69,"column":43},"end":{"line":69,"column":52}},{"start":{"line":69,"column":55},"end":{"line":69,"column":64}}],"line":69},"6":{"loc":{"start":{"line":88,"column":40},"end":{"line":88,"column":85}},"type":"cond-expr","locations":[{"start":{"line":88,"column":64},"end":{"line":88,"column":73}},{"start":{"line":88,"column":76},"end":{"line":88,"column":85}}],"line":88},"7":{"loc":{"start":{"line":116,"column":69},"end":{"line":116,"column":158}},"type":"cond-expr","locations":[{"start":{"line":116,"column":96},"end":{"line":116,"column":129}},{"start":{"line":116,"column":132},"end":{"line":116,"column":158}}],"line":116},"8":{"loc":{"start":{"line":118,"column":58},"end":{"line":118,"column":115}},"type":"cond-expr","locations":[{"start":{"line":118,"column":85},"end":{"line":118,"column":97}},{"start":{"line":118,"column":100},"end":{"line":118,"column":115}}],"line":118},"9":{"loc":{"start":{"line":127,"column":69},"end":{"line":127,"column":155}},"type":"cond-expr","locations":[{"start":{"line":127,"column":93},"end":{"line":127,"column":126}},{"start":{"line":127,"column":129},"end":{"line":127,"column":155}}],"line":127},"10":{"loc":{"start":{"line":129,"column":58},"end":{"line":129,"column":112}},"type":"cond-expr","locations":[{"start":{"line":129,"column":82},"end":{"line":129,"column":94}},{"start":{"line":129,"column":97},"end":{"line":129,"column":112}}],"line":129},"11":{"loc":{"start":{"line":138,"column":97},"end":{"line":138,"column":185}},"type":"cond-expr","locations":[{"start":{"line":138,"column":121},"end":{"line":138,"column":154}},{"start":{"line":138,"column":157},"end":{"line":138,"column":185}}],"line":138},"12":{"loc":{"start":{"line":140,"column":59},"end":{"line":140,"column":104}},"type":"cond-expr","locations":[{"start":{"line":140,"column":83},"end":{"line":140,"column":92}},{"start":{"line":140,"column":95},"end":{"line":140,"column":104}}],"line":140},"13":{"loc":{"start":{"line":165,"column":21},"end":{"line":167,"column":28}},"type":"cond-expr","locations":[{"start":{"line":166,"column":22},"end":{"line":166,"column":105}},{"start":{"line":167,"column":24},"end":{"line":167,"column":28}}],"line":165},"14":{"loc":{"start":{"line":173,"column":69},"end":{"line":173,"column":104}},"type":"cond-expr","locations":[{"start":{"line":173,"column":83},"end":{"line":173,"column":92}},{"start":{"line":173,"column":95},"end":{"line":173,"column":104}}],"line":173},"15":{"loc":{"start":{"line":176,"column":71},"end":{"line":176,"column":125}},"type":"cond-expr","locations":[{"start":{"line":176,"column":104},"end":{"line":176,"column":113}},{"start":{"line":176,"column":116},"end":{"line":176,"column":125}}],"line":176}},"s":{"0":1,"1":1,"2":1,"3":1,"4":1,"5":1,"6":1,"7":1,"8":1,"9":1,"10":0,"11":0,"12":0,"13":0,"14":0,"15":0,"16":0,"17":0,"18":0,"19":0,"20":1,"21":0,"22":0,"23":0,"24":0,"25":0,"26":0,"27":0,"28":0,"29":1,"30":4,"31":0,"32":4,"33":0,"34":17,"35":0,"36":2,"37":0,"38":0,"39":0},"f":{"0":1,"1":0,"2":0,"3":4,"4":0,"5":4,"6":0,"7":17,"8":0,"9":2,"10":0,"11":0,"12":0},"b":{"0":[0,0],"1":[0,0],"2":[0,0],"3":[0,0],"4":[0,0],"5":[0,0],"6":[1,0],"7":[1,3],"8":[1,3],"9":[1,3],"10":[1,3],"11":[1,16],"12":[1,16],"13":[2,0],"14":[1,1],"15":[1,1]},"_coverageSchema":"1a1c01bbd47fc00a2c39e90264f33305004495a9","hash":"38cb11bdbcaad9daed774804e778f0b558694e78"}
,"/Users/ebubekirerden/Documents/VSCode/bounswe2026group5/mobile/components/profile/MentorshipOfferings.tsx": {"path":"/Users/ebubekirerden/Documents/VSCode/bounswe2026group5/mobile/components/profile/MentorshipOfferings.tsx","statementMap":{"0":{"start":{"line":23,"column":2},"end":{"line":83,"column":4}},"1":{"start":{"line":52,"column":12},"end":{"line":78,"column":31}},"2":{"start":{"line":54,"column":29},"end":{"line":54,"column":75}}},"fnMap":{"0":{"name":"MentorshipOfferings","decl":{"start":{"line":22,"column":16},"end":{"line":22,"column":35}},"loc":{"start":{"line":22,"column":103},"end":{"line":84,"column":1}},"line":22},"1":{"name":"(anonymous_1)","decl":{"start":{"line":51,"column":24},"end":{"line":51,"column":25}},"loc":{"start":{"line":52,"column":12},"end":{"line":78,"column":31}},"line":52},"2":{"name":"(anonymous_2)","decl":{"start":{"line":54,"column":23},"end":{"line":54,"column":24}},"loc":{"start":{"line":54,"column":29},"end":{"line":54,"column":75}},"line":54}},"branchMap":{"0":{"loc":{"start":{"line":43,"column":9},"end":{"line":80,"column":9}},"type":"cond-expr","locations":[{"start":{"line":44,"column":10},"end":{"line":49,"column":29}},{"start":{"line":51,"column":10},"end":{"line":79,"column":12}}],"line":43},"1":{"loc":{"start":{"line":54,"column":29},"end":{"line":54,"column":75}},"type":"binary-expr","locations":[{"start":{"line":54,"column":29},"end":{"line":54,"column":45}},{"start":{"line":54,"column":49},"end":{"line":54,"column":75}}],"line":54}},"s":{"0":1,"1":2,"2":0},"f":{"0":1,"1":2,"2":0},"b":{"0":[0,1],"1":[0,0]},"_coverageSchema":"1a1c01bbd47fc00a2c39e90264f33305004495a9","hash":"adbd733442eb5669909cf894c35d87204bae2832"}
,"/Users/ebubekirerden/Documents/VSCode/bounswe2026group5/mobile/components/profile/ProfileHeader.tsx": {"path":"/Users/ebubekirerden/Documents/VSCode/bounswe2026group5/mobile/components/profile/ProfileHeader.tsx","statementMap":{"0":{"start":{"line":30,"column":2},"end":{"line":107,"column":4}}},"fnMap":{"0":{"name":"ProfileHeader","decl":{"start":{"line":19,"column":16},"end":{"line":19,"column":29}},"loc":{"start":{"line":29,"column":23},"end":{"line":108,"column":1}},"line":29}},"branchMap":{"0":{"loc":{"start":{"line":24,"column":2},"end":{"line":24,"column":20}},"type":"default-arg","locations":[{"start":{"line":24,"column":18},"end":{"line":24,"column":20}}],"line":24},"1":{"loc":{"start":{"line":25,"column":2},"end":{"line":25,"column":20}},"type":"default-arg","locations":[{"start":{"line":25,"column":18},"end":{"line":25,"column":20}}],"line":25},"2":{"loc":{"start":{"line":35,"column":9},"end":{"line":39,"column":9}},"type":"cond-expr","locations":[{"start":{"line":36,"column":10},"end":{"line":36,"column":72}},{"start":{"line":38,"column":10},"end":{"line":38,"column":77}}],"line":35},"3":{"loc":{"start":{"line":48,"column":13},"end":{"line":52,"column":13}},"type":"cond-expr","locations":[{"start":{"line":49,"column":14},"end":{"line":49,"column":76}},{"start":{"line":51,"column":14},"end":{"line":51,"column":88}}],"line":48},"4":{"loc":{"start":{"line":58,"column":11},"end":{"line":63,"column":18}},"type":"cond-expr","locations":[{"start":{"line":59,"column":12},"end":{"line":62,"column":19}},{"start":{"line":63,"column":14},"end":{"line":63,"column":18}}],"line":58},"5":{"loc":{"start":{"line":99,"column":75},"end":{"line":99,"column":91}},"type":"binary-expr","locations":[{"start":{"line":99,"column":75},"end":{"line":99,"column":86}},{"start":{"line":99,"column":90},"end":{"line":99,"column":91}}],"line":99}},"s":{"0":1},"f":{"0":1},"b":{"0":[1],"1":[1],"2":[0,1],"3":[0,1],"4":[1,0],"5":[1,0]},"_coverageSchema":"1a1c01bbd47fc00a2c39e90264f33305004495a9","hash":"142387d0bb05793c3dfabf5c9d3e4d9ab8a352b4"}
,"/Users/ebubekirerden/Documents/VSCode/bounswe2026group5/mobile/components/profile/SkillsCloud.tsx": {"path":"/Users/ebubekirerden/Documents/VSCode/bounswe2026group5/mobile/components/profile/SkillsCloud.tsx","statementMap":{"0":{"start":{"line":15,"column":19},"end":{"line":15,"column":39}},"1":{"start":{"line":16,"column":22},"end":{"line":16,"column":102}},"2":{"start":{"line":17,"column":24},"end":{"line":17,"column":73}},"3":{"start":{"line":18,"column":22},"end":{"line":18,"column":96}},"4":{"start":{"line":20,"column":22},"end":{"line":20,"column":23}},"5":{"start":{"line":21,"column":24},"end":{"line":21,"column":52}},"6":{"start":{"line":22,"column":22},"end":{"line":22,"column":49}},"7":{"start":{"line":24,"column":2},"end":{"line":73,"column":4}},"8":{"start":{"line":51,"column":14},"end":{"line":56,"column":21}}},"fnMap":{"0":{"name":"SkillsCloud","decl":{"start":{"line":14,"column":16},"end":{"line":14,"column":27}},"loc":{"start":{"line":14,"column":93},"end":{"line":74,"column":1}},"line":14},"1":{"name":"(anonymous_1)","decl":{"start":{"line":50,"column":31},"end":{"line":50,"column":32}},"loc":{"start":{"line":51,"column":14},"end":{"line":56,"column":21}},"line":51}},"branchMap":{"0":{"loc":{"start":{"line":16,"column":22},"end":{"line":16,"column":102}},"type":"cond-expr","locations":[{"start":{"line":16,"column":33},"end":{"line":16,"column":65}},{"start":{"line":16,"column":68},"end":{"line":16,"column":102}}],"line":16},"1":{"loc":{"start":{"line":17,"column":24},"end":{"line":17,"column":73}},"type":"cond-expr","locations":[{"start":{"line":17,"column":35},"end":{"line":17,"column":52}},{"start":{"line":17,"column":55},"end":{"line":17,"column":73}}],"line":17},"2":{"loc":{"start":{"line":18,"column":22},"end":{"line":18,"column":96}},"type":"cond-expr","locations":[{"start":{"line":18,"column":33},"end":{"line":18,"column":61}},{"start":{"line":18,"column":64},"end":{"line":18,"column":96}}],"line":18},"3":{"loc":{"start":{"line":40,"column":9},"end":{"line":69,"column":9}},"type":"cond-expr","locations":[{"start":{"line":41,"column":10},"end":{"line":46,"column":29}},{"start":{"line":48,"column":10},"end":{"line":68,"column":13}}],"line":40},"4":{"loc":{"start":{"line":60,"column":13},"end":{"line":67,"column":13}},"type":"binary-expr","locations":[{"start":{"line":60,"column":13},"end":{"line":60,"column":28}},{"start":{"line":61,"column":14},"end":{"line":66,"column":33}}],"line":60}},"s":{"0":4,"1":4,"2":4,"3":4,"4":4,"5":4,"6":4,"7":4,"8":12},"f":{"0":4,"1":12},"b":{"0":[3,1],"1":[3,1],"2":[3,1],"3":[0,4],"4":[4,0]},"_coverageSchema":"1a1c01bbd47fc00a2c39e90264f33305004495a9","hash":"97fa67dd3417d6c62791ba4cb659f141e1e81576"}
,"/Users/ebubekirerden/Documents/VSCode/bounswe2026group5/mobile/components/profile/ViewAllSkillsModal.tsx": {"path":"/Users/ebubekirerden/Documents/VSCode/bounswe2026group5/mobile/components/profile/ViewAllSkillsModal.tsx","statementMap":{"0":{"start":{"line":15,"column":19},"end":{"line":15,"column":39}},"1":{"start":{"line":16,"column":22},"end":{"line":16,"column":102}},"2":{"start":{"line":17,"column":24},"end":{"line":17,"column":73}},"3":{"start":{"line":19,"column":2},"end":{"line":65,"column":4}},"4":{"start":{"line":31,"column":26},"end":{"line":31,"column":45}},"5":{"start":{"line":52,"column":16},"end":{"line":57,"column":23}}},"fnMap":{"0":{"name":"ViewAllSkillsModal","decl":{"start":{"line":13,"column":16},"end":{"line":13,"column":34}},"loc":{"start":{"line":13,"column":106},"end":{"line":66,"column":1}},"line":13},"1":{"name":"(anonymous_1)","decl":{"start":{"line":31,"column":19},"end":{"line":31,"column":20}},"loc":{"start":{"line":31,"column":26},"end":{"line":31,"column":45}},"line":31},"2":{"name":"(anonymous_2)","decl":{"start":{"line":51,"column":26},"end":{"line":51,"column":27}},"loc":{"start":{"line":52,"column":16},"end":{"line":57,"column":23}},"line":52}},"branchMap":{"0":{"loc":{"start":{"line":16,"column":22},"end":{"line":16,"column":102}},"type":"cond-expr","locations":[{"start":{"line":16,"column":33},"end":{"line":16,"column":65}},{"start":{"line":16,"column":68},"end":{"line":16,"column":102}}],"line":16},"1":{"loc":{"start":{"line":17,"column":24},"end":{"line":17,"column":73}},"type":"cond-expr","locations":[{"start":{"line":17,"column":35},"end":{"line":17,"column":52}},{"start":{"line":17,"column":55},"end":{"line":17,"column":73}}],"line":17}},"s":{"0":1,"1":1,"2":1,"3":1,"4":0,"5":0},"f":{"0":1,"1":0,"2":0},"b":{"0":[1,0],"1":[1,0]},"_coverageSchema":"1a1c01bbd47fc00a2c39e90264f33305004495a9","hash":"e7141ea1b78f3716be1d80dc482b17a0aca3fa48"}
,"/Users/ebubekirerden/Documents/VSCode/bounswe2026group5/mobile/constants/mockData.ts": {"path":"/Users/ebubekirerden/Documents/VSCode/bounswe2026group5/mobile/constants/mockData.ts","statementMap":{"0":{"start":{"line":1,"column":33},"end":{"line":4,"column":1}},"1":{"start":{"line":6,"column":29},"end":{"line":15,"column":1}},"2":{"start":{"line":17,"column":29},"end":{"line":22,"column":1}},"3":{"start":{"line":24,"column":30},"end":{"line":27,"column":1}}},"fnMap":{},"branchMap":{},"s":{"0":2,"1":2,"2":2,"3":2},"f":{},"b":{},"_coverageSchema":"1a1c01bbd47fc00a2c39e90264f33305004495a9","hash":"0585913c702fa2625592a95d635fbc254c5448ed"}
}
