TN:
SF:app/(tabs)/profile.tsx
FN:44,ProfileScreen
FN:89,(anonymous_1)
FN:92,(anonymous_2)
FN:107,(anonymous_3)
FN:124,(anonymous_4)
FN:142,(anonymous_5)
FN:151,(anonymous_6)
FN:159,(anonymous_7)
FN:167,(anonymous_8)
FN:175,(anonymous_9)
FN:184,(anonymous_10)
FN:192,(anonymous_11)
FN:193,(anonymous_12)
FN:205,(anonymous_13)
FN:206,(anonymous_14)
FN:215,(anonymous_15)
FN:216,(anonymous_16)
FN:223,(anonymous_17)
FN:227,(anonymous_18)
FN:229,(anonymous_19)
FN:237,(anonymous_20)
FN:238,(anonymous_21)
FN:241,(anonymous_22)
FN:242,(anonymous_23)
FN:244,(anonymous_24)
FN:250,(anonymous_25)
FNF:26
FNH:1
FNDA:1,ProfileScreen
FNDA:0,(anonymous_1)
FNDA:0,(anonymous_2)
FNDA:0,(anonymous_3)
FNDA:0,(anonymous_4)
FNDA:0,(anonymous_5)
FNDA:0,(anonymous_6)
FNDA:0,(anonymous_7)
FNDA:0,(anonymous_8)
FNDA:0,(anonymous_9)
FNDA:0,(anonymous_10)
FNDA:0,(anonymous_11)
FNDA:0,(anonymous_12)
FNDA:0,(anonymous_13)
FNDA:0,(anonymous_14)
FNDA:0,(anonymous_15)
FNDA:0,(anonymous_16)
FNDA:0,(anonymous_17)
FNDA:0,(anonymous_18)
FNDA:0,(anonymous_19)
FNDA:0,(anonymous_20)
FNDA:0,(anonymous_21)
FNDA:0,(anonymous_22)
FNDA:0,(anonymous_23)
FNDA:0,(anonymous_24)
FNDA:0,(anonymous_25)
DA:27,1
DA:45,1
DA:46,1
DA:47,1
DA:49,1
DA:50,1
DA:53,1
DA:54,1
DA:58,1
DA:63,1
DA:66,1
DA:67,1
DA:69,1
DA:71,1
DA:78,1
DA:92,1
DA:98,0
DA:107,1
DA:112,0
DA:115,1
DA:124,0
DA:142,0
DA:152,0
DA:160,0
DA:168,0
DA:176,0
DA:184,0
DA:192,0
DA:193,0
DA:206,0
DA:216,0
DA:223,0
DA:227,0
DA:230,0
DA:231,0
DA:237,0
DA:239,0
DA:242,0
DA:244,0
DA:250,0
LF:40
LH:18
BRDA:181,0,0,1
BRDA:181,0,1,1
BRDA:188,1,0,1
BRDA:188,1,1,1
BRF:4
BRH:4
end_of_record
TN:
SF:app/(tabs)/schedule.tsx
FN:21,(anonymous_0)
FN:26,ScheduleScreen
FN:31,(anonymous_2)
FN:33,(anonymous_3)
FN:54,(anonymous_4)
FN:69,(anonymous_5)
FN:95,(anonymous_6)
FN:102,(anonymous_7)
FN:124,(anonymous_8)
FN:126,(anonymous_9)
FN:132,(anonymous_10)
FNF:11
FNH:5
FNDA:1,(anonymous_0)
FNDA:1,ScheduleScreen
FNDA:1,(anonymous_2)
FNDA:4,(anonymous_3)
FNDA:4,(anonymous_4)
FNDA:0,(anonymous_5)
FNDA:0,(anonymous_6)
FNDA:0,(anonymous_7)
FNDA:0,(anonymous_8)
FNDA:0,(anonymous_9)
FNDA:0,(anonymous_10)
DA:19,1
DA:21,1
DA:22,1
DA:23,1
DA:27,1
DA:28,1
DA:29,1
DA:31,1
DA:32,1
DA:33,1
DA:34,4
DA:35,4
DA:37,4
DA:40,4
DA:43,1
DA:45,1
DA:51,1
DA:54,4
DA:56,1
DA:69,0
DA:96,0
DA:102,0
DA:124,0
DA:126,0
DA:132,0
LF:25
LH:19
BRDA:34,0,0,4
BRDA:34,0,1,0
BRDA:37,1,0,2
BRDA:37,1,1,2
BRDA:38,2,0,1
BRDA:38,2,1,1
BRDA:43,3,0,1
BRDA:43,3,1,0
BRDA:90,4,0,1
BRDA:90,4,1,0
BRDA:134,5,0,0
BRDA:134,5,1,1
BRDA:135,6,0,0
BRDA:135,6,1,1
BRF:14
BRH:9
end_of_record
TN:
SF:components/dashboard/RequestCard.tsx
FN:12,RequestCard
FN:69,(anonymous_1)
FN:78,(anonymous_2)
FNF:3
FNH:1
FNDA:2,RequestCard
FNDA:0,(anonymous_1)
FNDA:0,(anonymous_2)
DA:13,2
DA:16,2
DA:17,2
DA:19,2
DA:69,0
DA:78,0
LF:6
LH:4
BRDA:16,0,0,2
BRDA:16,0,1,0
BRDA:17,1,0,2
BRDA:17,1,1,0
BRDA:24,2,0,1
BRDA:24,2,1,1
BRDA:32,3,0,2
BRDA:32,3,1,1
BRDA:48,4,0,1
BRDA:48,4,1,1
BRDA:54,5,0,1
BRDA:54,5,1,0
BRDA:64,6,0,2
BRDA:64,6,1,0
BRDA:80,7,0,1
BRDA:80,7,1,1
BRF:16
BRH:12
end_of_record
TN:
SF:components/dashboard/SessionCard.tsx
FN:11,SessionCard
FN:14,(anonymous_1)
FNF:2
FNH:2
FNDA:1,SessionCard
FNDA:1,(anonymous_1)
DA:14,1
DA:15,1
DA:16,1
DA:17,0
DA:18,0
DA:19,0
DA:23,1
DA:26,1
DA:29,1
LF:9
LH:6
BRDA:15,0,0,1
BRDA:15,0,1,0
BRDA:15,0,2,0
BRDA:15,0,3,0
BRDA:26,1,0,0
BRDA:26,2,0,0
BRF:6
BRH:1
end_of_record
TN:
SF:components/dashboard/SessionDetailsModal.tsx
FN:20,SessionDetailsModal
FN:35,(anonymous_1)
FN:91,(anonymous_2)
FN:98,(anonymous_3)
FN:108,(anonymous_4)
FN:111,(anonymous_5)
FN:120,(anonymous_6)
FN:129,(anonymous_7)
FNF:8
FNH:3
FNDA:4,SessionDetailsModal
FNDA:0,(anonymous_1)
FNDA:0,(anonymous_2)
FNDA:0,(anonymous_3)
FNDA:1,(anonymous_4)
FNDA:1,(anonymous_5)
FNDA:0,(anonymous_6)
FNDA:0,(anonymous_7)
DA:21,4
DA:23,3
DA:35,0
DA:91,0
DA:98,0
DA:109,1
DA:110,1
DA:111,1
DA:121,0
DA:130,0
DA:131,0
LF:11
LH:5
BRDA:21,0,0,1
BRDA:21,0,1,3
BRDA:46,1,0,3
BRDA:46,1,1,0
BRDA:48,2,0,0
BRDA:48,2,1,3
BRDA:49,3,0,0
BRDA:49,3,1,3
BRDA:70,4,0,3
BRDA:70,4,1,0
BRDA:72,5,0,3
BRDA:72,5,1,0
BRDA:79,6,0,3
BRDA:79,6,1,0
BRDA:80,7,0,0
BRDA:80,7,1,0
BRDA:88,8,0,3
BRDA:88,8,1,0
BRDA:95,9,0,0
BRDA:95,9,1,0
BRDA:110,10,0,1
BRDA:110,10,1,0
BRF:22
BRH:10
end_of_record
TN:
SF:components/profile/AvailabilityPreview.tsx
FN:17,AvailabilityPreview
FN:20,(anonymous_1)
FN:22,(anonymous_2)
FN:23,(anonymous_3)
FN:47,(anonymous_4)
FN:49,(anonymous_5)
FN:54,(anonymous_6)
FN:91,(anonymous_7)
FNF:8
FNH:3
FNDA:1,AvailabilityPreview
FNDA:0,(anonymous_1)
FNDA:0,(anonymous_2)
FNDA:0,(anonymous_3)
FNDA:7,(anonymous_4)
FNDA:13,(anonymous_5)
FNDA:0,(anonymous_6)
FNDA:0,(anonymous_7)
DA:15,1
DA:18,1
DA:20,1
DA:22,1
DA:23,0
DA:26,1
DA:48,7
DA:49,13
DA:51,7
DA:54,0
DA:92,0
LF:11
LH:8
BRDA:17,0,0,0
BRDA:20,1,0,0
BRDA:20,1,1,1
BRDA:20,2,0,0
BRDA:20,2,1,0
BRDA:23,3,0,0
BRDA:23,3,1,0
BRDA:49,4,0,13
BRDA:49,4,1,2
BRDA:57,5,0,0
BRDA:57,5,1,7
BRDA:61,6,0,0
BRDA:61,6,1,7
BRDA:67,7,0,0
BRDA:67,7,1,7
BRDA:73,8,0,2
BRDA:73,8,1,5
BRDA:73,9,0,0
BRDA:73,9,1,2
BRDA:82,10,0,1
BRDA:82,10,1,0
BRDA:84,11,0,0
BRDA:84,11,1,0
BRF:23
BRH:10
end_of_record
TN:
SF:components/profile/BookingModal.tsx
FN:20,BookingModal
FN:34,(anonymous_1)
FN:47,(anonymous_2)
FN:66,(anonymous_3)
FN:76,(anonymous_4)
FN:93,(anonymous_5)
FN:94,(anonymous_6)
FN:98,(anonymous_7)
FN:100,(anonymous_8)
FN:104,(anonymous_9)
FN:120,(anonymous_10)
FN:130,(anonymous_11)
FN:135,(anonymous_12)
FN:158,(anonymous_13)
FN:166,(anonymous_14)
FN:183,(anonymous_15)
FN:223,(anonymous_16)
FN:229,(anonymous_17)
FN:255,(anonymous_18)
FN:261,(anonymous_19)
FN:284,(anonymous_20)
FN:301,(anonymous_21)
FN:312,(anonymous_22)
FNF:23
FNH:7
FNDA:4,BookingModal
FNDA:4,(anonymous_1)
FNDA:0,(anonymous_2)
FNDA:0,(anonymous_3)
FNDA:4,(anonymous_4)
FNDA:56,(anonymous_5)
FNDA:80,(anonymous_6)
FNDA:4,(anonymous_7)
FNDA:0,(anonymous_8)
FNDA:0,(anonymous_9)
FNDA:0,(anonymous_10)
FNDA:0,(anonymous_11)
FNDA:0,(anonymous_12)
FNDA:0,(anonymous_13)
FNDA:0,(anonymous_14)
FNDA:0,(anonymous_15)
FNDA:4,(anonymous_16)
FNDA:0,(anonymous_17)
FNDA:0,(anonymous_18)
FNDA:0,(anonymous_19)
FNDA:0,(anonymous_20)
FNDA:0,(anonymous_21)
FNDA:0,(anonymous_22)
DA:18,3
DA:21,4
DA:23,4
DA:24,4
DA:26,4
DA:27,4
DA:28,4
DA:30,4
DA:31,4
DA:32,4
DA:34,4
DA:35,4
DA:36,1
DA:37,1
DA:38,1
DA:39,1
DA:40,1
DA:41,1
DA:42,1
DA:43,1
DA:47,4
DA:49,0
DA:51,0
DA:52,0
DA:61,0
DA:66,4
DA:67,0
DA:68,0
DA:69,0
DA:70,0
DA:72,0
DA:76,4
DA:77,4
DA:78,4
DA:81,4
DA:82,56
DA:83,56
DA:85,56
DA:93,4
DA:94,80
DA:98,4
DA:99,4
DA:100,0
DA:101,0
DA:103,0
DA:104,0
DA:105,0
DA:106,0
DA:107,0
DA:109,0
DA:110,0
DA:111,0
DA:112,0
DA:115,0
DA:118,4
DA:120,2
DA:121,0
DA:122,0
DA:123,0
DA:125,0
DA:126,0
DA:127,0
DA:129,0
DA:130,0
DA:131,0
DA:132,0
DA:133,0
DA:135,0
DA:136,0
DA:137,0
DA:139,0
DA:140,0
DA:141,0
DA:144,0
DA:145,0
DA:147,0
DA:148,0
DA:152,0
DA:155,0
DA:158,2
DA:159,0
DA:160,0
DA:161,0
DA:163,0
DA:164,0
DA:166,0
DA:167,0
DA:168,0
DA:176,2
DA:183,0
DA:224,4
DA:225,4
DA:230,0
DA:231,0
DA:256,0
DA:257,0
DA:262,0
DA:263,0
DA:285,0
DA:286,0
DA:301,0
DA:312,0
LF:102
LH:39
BRDA:35,0,0,1
BRDA:35,0,1,3
BRDA:49,1,0,0
BRDA:49,1,1,0
BRDA:49,1,2,0
BRDA:51,2,0,0
BRDA:51,2,1,0
BRDA:51,3,0,0
BRDA:51,3,1,0
BRDA:69,4,0,0
BRDA:69,4,1,0
BRDA:94,5,0,80
BRDA:94,5,1,12
BRDA:99,6,0,4
BRDA:99,6,1,0
BRDA:101,7,0,0
BRDA:101,7,1,0
BRDA:118,8,0,2
BRDA:118,8,1,2
BRDA:121,9,0,0
BRDA:121,9,1,0
BRDA:125,10,0,0
BRDA:125,10,1,0
BRDA:125,11,0,0
BRDA:125,11,1,0
BRDA:129,12,0,0
BRDA:129,12,1,0
BRDA:131,13,0,0
BRDA:131,13,1,0
BRDA:131,14,0,0
BRDA:131,14,1,0
BRDA:139,15,0,0
BRDA:139,15,1,0
BRDA:144,16,0,0
BRDA:144,16,1,0
BRDA:145,17,0,0
BRDA:145,17,1,0
BRDA:147,18,0,0
BRDA:147,18,1,0
BRDA:147,19,0,0
BRDA:147,19,1,0
BRDA:159,20,0,0
BRDA:159,20,1,0
BRDA:164,21,0,0
BRDA:164,21,1,0
BRDA:183,22,0,0
BRDA:183,22,1,0
BRDA:188,23,0,0
BRDA:188,23,1,2
BRDA:191,24,0,2
BRDA:191,24,1,0
BRDA:196,25,0,2
BRDA:196,25,1,0
BRDA:211,26,0,2
BRDA:211,26,1,0
BRDA:216,27,0,2
BRDA:216,27,1,2
BRDA:220,28,0,0
BRDA:220,28,1,2
BRDA:233,29,0,0
BRDA:233,29,1,4
BRDA:235,30,0,0
BRDA:235,30,1,4
BRDA:238,31,0,0
BRDA:238,31,1,4
BRDA:247,32,0,2
BRDA:247,32,1,0
BRDA:251,33,0,0
BRDA:251,33,1,0
BRDA:256,34,0,0
BRDA:256,34,1,0
BRDA:265,35,0,0
BRDA:265,35,1,0
BRDA:267,36,0,0
BRDA:267,36,1,0
BRDA:288,37,0,0
BRDA:288,37,1,0
BRDA:290,38,0,0
BRDA:290,38,1,0
BRDA:295,39,0,0
BRDA:295,39,1,0
BRDA:326,40,0,2
BRDA:326,40,1,0
BRDA:330,41,0,0
BRDA:330,41,1,0
BRDA:351,42,0,2
BRDA:351,42,1,0
BRDA:364,43,0,0
BRDA:364,43,1,0
BRDA:366,44,0,0
BRDA:366,44,1,0
BRDA:370,45,0,0
BRDA:370,45,1,0
BRF:93
BRH:20
end_of_record
TN:
SF:components/profile/EditAvailabilityModal.tsx
FN:25,EditAvailabilityModal
FN:31,(anonymous_1)
FN:34,(anonymous_2)
FN:35,(anonymous_3)
FN:39,(anonymous_4)
FN:52,(anonymous_5)
FN:53,(anonymous_6)
FN:56,(anonymous_7)
FN:57,(anonymous_8)
FN:63,(anonymous_9)
FN:64,(anonymous_10)
FN:66,(anonymous_11)
FN:70,(anonymous_12)
FN:71,(anonymous_13)
FN:73,(anonymous_14)
FN:77,(anonymous_15)
FN:83,(anonymous_16)
FN:86,(anonymous_17)
FN:91,(anonymous_18)
FN:95,(anonymous_19)
FN:104,(anonymous_20)
FN:151,(anonymous_21)
FN:162,(anonymous_22)
FN:177,(anonymous_23)
FN:181,(anonymous_24)
FN:188,(anonymous_25)
FN:192,(anonymous_26)
FN:200,(anonymous_27)
FN:202,(anonymous_28)
FNF:29
FNH:3
FNDA:1,EditAvailabilityModal
FNDA:1,(anonymous_1)
FNDA:0,(anonymous_2)
FNDA:0,(anonymous_3)
FNDA:0,(anonymous_4)
FNDA:0,(anonymous_5)
FNDA:0,(anonymous_6)
FNDA:0,(anonymous_7)
FNDA:0,(anonymous_8)
FNDA:0,(anonymous_9)
FNDA:0,(anonymous_10)
FNDA:0,(anonymous_11)
FNDA:0,(anonymous_12)
FNDA:0,(anonymous_13)
FNDA:0,(anonymous_14)
FNDA:0,(anonymous_15)
FNDA:0,(anonymous_16)
FNDA:0,(anonymous_17)
FNDA:0,(anonymous_18)
FNDA:0,(anonymous_19)
FNDA:0,(anonymous_20)
FNDA:7,(anonymous_21)
FNDA:0,(anonymous_22)
FNDA:0,(anonymous_23)
FNDA:0,(anonymous_24)
FNDA:0,(anonymous_25)
FNDA:0,(anonymous_26)
FNDA:0,(anonymous_27)
FNDA:0,(anonymous_28)
DA:18,1
DA:26,1
DA:29,1
DA:31,1
DA:32,1
DA:33,0
DA:34,0
DA:35,0
DA:36,0
DA:37,0
DA:40,0
DA:41,0
DA:45,0
DA:48,0
DA:52,1
DA:53,0
DA:56,1
DA:57,0
DA:63,1
DA:64,0
DA:66,0
DA:70,1
DA:71,0
DA:73,0
DA:77,1
DA:78,0
DA:79,0
DA:80,0
DA:83,0
DA:86,0
DA:87,0
DA:88,0
DA:91,0
DA:92,0
DA:93,0
DA:95,0
DA:96,0
DA:97,0
DA:98,0
DA:100,0
DA:104,0
DA:109,0
DA:110,0
DA:111,0
DA:114,0
DA:115,0
DA:116,0
DA:119,0
DA:120,0
DA:123,1
DA:152,7
DA:153,7
DA:155,7
DA:162,0
DA:178,0
DA:181,0
DA:188,0
DA:192,0
DA:200,0
DA:202,0
LF:60
LH:14
BRDA:32,0,0,0
BRDA:32,0,1,1
BRDA:36,1,0,0
BRDA:36,1,1,0
BRDA:36,2,0,0
BRDA:36,2,1,0
BRDA:41,3,0,0
BRDA:41,3,1,0
BRDA:41,4,0,0
BRDA:41,4,1,0
BRDA:73,5,0,0
BRDA:73,5,1,0
BRDA:93,6,0,0
BRDA:93,6,1,0
BRDA:93,7,0,0
BRDA:93,7,1,0
BRDA:93,7,2,0
BRDA:96,8,0,0
BRDA:96,8,1,0
BRDA:96,9,0,0
BRDA:96,9,1,0
BRDA:98,10,0,0
BRDA:98,10,1,0
BRDA:109,11,0,0
BRDA:109,11,1,0
BRDA:114,12,0,0
BRDA:114,12,1,0
BRDA:142,13,0,1
BRDA:142,13,1,0
BRDA:153,14,0,7
BRDA:153,14,1,7
BRDA:166,15,0,0
BRDA:166,15,1,7
BRDA:170,16,0,7
BRDA:170,16,1,7
BRDA:175,17,0,7
BRDA:175,17,1,0
BRDA:202,18,0,0
BRDA:202,18,1,0
BRF:39
BRH:8
end_of_record
TN:
SF:components/profile/EditProfileModal.tsx
FN:27,EditProfileModal
FN:38,(anonymous_1)
FN:45,(anonymous_2)
FN:99,(anonymous_3)
FN:124,(anonymous_4)
FNF:5
FNH:2
FNDA:1,EditProfileModal
FNDA:1,(anonymous_1)
FNDA:0,(anonymous_2)
FNDA:0,(anonymous_3)
FNDA:0,(anonymous_4)
DA:33,1
DA:35,1
DA:36,1
DA:38,1
DA:39,1
DA:40,0
DA:41,0
DA:45,1
DA:46,0
DA:47,0
DA:48,0
DA:50,0
DA:51,0
DA:54,1
DA:99,0
DA:124,0
LF:16
LH:7
BRDA:39,0,0,0
BRDA:39,0,1,1
BRDA:46,1,0,0
BRDA:46,1,1,0
BRDA:86,2,0,1
BRDA:86,2,1,0
BRDA:118,3,0,0
BRDA:118,3,1,1
BRDA:145,4,0,0
BRDA:145,4,1,1
BRF:10
BRH:4
end_of_record
TN:
SF:components/profile/EditSkillsModal.tsx
FN:24,EditSkillsModal
FN:28,(anonymous_1)
FN:40,(anonymous_2)
FN:45,(anonymous_3)
FN:50,(anonymous_4)
FN:51,(anonymous_5)
FN:62,(anonymous_6)
FN:82,(anonymous_7)
FN:85,(anonymous_8)
FN:104,(anonymous_9)
FN:115,(anonymous_10)
FN:118,(anonymous_11)
FN:130,(anonymous_12)
FNF:13
FNH:4
FNDA:1,EditSkillsModal
FNDA:1,(anonymous_1)
FNDA:16,(anonymous_2)
FNDA:0,(anonymous_3)
FNDA:0,(anonymous_4)
FNDA:0,(anonymous_5)
FNDA:0,(anonymous_6)
FNDA:0,(anonymous_7)
FNDA:0,(anonymous_8)
FNDA:0,(anonymous_9)
FNDA:16,(anonymous_10)
FNDA:0,(anonymous_11)
FNDA:0,(anonymous_12)
DA:9,1
DA:25,1
DA:26,1
DA:28,1
DA:29,1
DA:30,0
DA:31,0
DA:35,1
DA:36,1
DA:37,1
DA:38,1
DA:40,1
DA:41,16
DA:45,1
DA:46,0
DA:47,0
DA:50,1
DA:51,0
DA:54,1
DA:62,0
DA:83,0
DA:85,0
DA:104,0
DA:116,16
DA:118,0
DA:130,0
LF:26
LH:15
BRDA:29,0,0,0
BRDA:29,0,1,1
BRDA:36,1,0,1
BRDA:36,1,1,0
BRDA:37,2,0,1
BRDA:37,2,1,0
BRDA:38,3,0,1
BRDA:38,3,1,0
BRDA:41,4,0,16
BRDA:41,4,1,16
BRDA:57,5,0,1
BRDA:57,5,1,0
BRDA:79,6,0,1
BRDA:79,6,1,0
BRDA:86,7,0,0
BRDA:86,7,1,0
BRDA:103,8,0,1
BRDA:103,8,1,0
BRDA:112,9,0,0
BRDA:112,9,1,1
BRF:20
BRH:10
end_of_record
TN:
SF:components/profile/ManageOfferingsModal.tsx
FN:29,ManageOfferingsModal
FN:41,(anonymous_1)
FN:64,(anonymous_2)
FN:113,(anonymous_3)
FN:115,(anonymous_4)
FN:124,(anonymous_5)
FN:126,(anonymous_6)
FN:135,(anonymous_7)
FN:137,(anonymous_8)
FN:154,(anonymous_9)
FN:172,(anonymous_10)
FN:175,(anonymous_11)
FN:179,(anonymous_12)
FNF:13
FNH:5
FNDA:1,ManageOfferingsModal
FNDA:0,(anonymous_1)
FNDA:0,(anonymous_2)
FNDA:4,(anonymous_3)
FNDA:0,(anonymous_4)
FNDA:4,(anonymous_5)
FNDA:0,(anonymous_6)
FNDA:17,(anonymous_7)
FNDA:0,(anonymous_8)
FNDA:2,(anonymous_9)
FNDA:0,(anonymous_10)
FNDA:0,(anonymous_11)
FNDA:0,(anonymous_12)
DA:19,1
DA:20,1
DA:21,1
DA:32,1
DA:35,1
DA:36,1
DA:37,1
DA:38,1
DA:39,1
DA:41,1
DA:42,0
DA:43,0
DA:44,0
DA:46,0
DA:54,0
DA:57,0
DA:58,0
DA:59,0
DA:60,0
DA:61,0
DA:64,1
DA:65,0
DA:66,0
DA:68,0
DA:69,0
DA:71,0
DA:72,0
DA:75,1
DA:114,4
DA:115,0
DA:125,4
DA:126,0
DA:136,17
DA:137,0
DA:155,2
DA:172,0
DA:175,0
DA:179,0
LF:38
LH:16
BRDA:42,0,0,0
BRDA:42,0,1,0
BRDA:65,1,0,0
BRDA:65,1,1,0
BRDA:65,2,0,0
BRDA:65,2,1,0
BRDA:66,3,0,0
BRDA:66,3,1,0
BRDA:66,4,0,0
BRDA:66,4,1,0
BRDA:69,5,0,0
BRDA:69,5,1,0
BRDA:88,6,0,1
BRDA:88,6,1,0
BRDA:116,7,0,1
BRDA:116,7,1,3
BRDA:118,8,0,1
BRDA:118,8,1,3
BRDA:127,9,0,1
BRDA:127,9,1,3
BRDA:129,10,0,1
BRDA:129,10,1,3
BRDA:138,11,0,1
BRDA:138,11,1,16
BRDA:140,12,0,1
BRDA:140,12,1,16
BRDA:165,13,0,2
BRDA:165,13,1,0
BRDA:173,14,0,1
BRDA:173,14,1,1
BRDA:176,15,0,1
BRDA:176,15,1,1
BRF:32
BRH:18
end_of_record
TN:
SF:components/profile/MentorshipOfferings.tsx
FN:22,MentorshipOfferings
FN:51,(anonymous_1)
FN:54,(anonymous_2)
FNF:3
FNH:2
FNDA:1,MentorshipOfferings
FNDA:2,(anonymous_1)
FNDA:0,(anonymous_2)
DA:23,1
DA:52,2
DA:54,0
LF:3
LH:2
BRDA:43,0,0,0
BRDA:43,0,1,1
BRDA:54,1,0,0
BRDA:54,1,1,0
BRF:4
BRH:1
end_of_record
TN:
SF:components/profile/ProfileHeader.tsx
FN:19,ProfileHeader
FNF:1
FNH:1
FNDA:1,ProfileHeader
DA:30,1
LF:1
LH:1
BRDA:24,0,0,1
BRDA:25,1,0,1
BRDA:35,2,0,0
BRDA:35,2,1,1
BRDA:48,3,0,0
BRDA:48,3,1,1
BRDA:58,4,0,1
BRDA:58,4,1,0
BRDA:99,5,0,1
BRDA:99,5,1,0
BRF:10
BRH:6
end_of_record
TN:
SF:components/profile/SkillsCloud.tsx
FN:14,SkillsCloud
FN:50,(anonymous_1)
FNF:2
FNH:2
FNDA:4,SkillsCloud
FNDA:12,(anonymous_1)
DA:15,4
DA:16,4
DA:17,4
DA:18,4
DA:20,4
DA:21,4
DA:22,4
DA:24,4
DA:51,12
LF:9
LH:9
BRDA:16,0,0,3
BRDA:16,0,1,1
BRDA:17,1,0,3
BRDA:17,1,1,1
BRDA:18,2,0,3
BRDA:18,2,1,1
BRDA:40,3,0,0
BRDA:40,3,1,4
BRDA:60,4,0,4
BRDA:60,4,1,0
BRF:10
BRH:8
end_of_record
TN:
SF:components/profile/ViewAllSkillsModal.tsx
FN:13,ViewAllSkillsModal
FN:31,(anonymous_1)
FN:51,(anonymous_2)
FNF:3
FNH:1
FNDA:1,ViewAllSkillsModal
FNDA:0,(anonymous_1)
FNDA:0,(anonymous_2)
DA:15,1
DA:16,1
DA:17,1
DA:19,1
DA:31,0
DA:52,0
LF:6
LH:4
BRDA:16,0,0,1
BRDA:16,0,1,0
BRDA:17,1,0,1
BRDA:17,1,1,0
BRF:4
BRH:2
end_of_record
TN:
SF:constants/mockData.ts
FNF:0
FNH:0
DA:1,2
DA:6,2
DA:17,2
DA:24,2
LF:4
LH:4
BRF:0
BRH:0
end_of_record
